{"/home/daniel/Sites/GetDKAN/cmsds-open-data-components/src/assets/frequencyMap.js": {"path":"/home/daniel/Sites/GetDKAN/cmsds-open-data-components/src/assets/frequencyMap.js","statementMap":{"0":{"start":{"line":1,"column":28},"end":{"line":22,"column":1}}},"fnMap":{},"branchMap":{},"s":{"0":3},"f":{},"b":{},"_coverageSchema":"1a1c01bbd47fc00a2c39e90264f33305004495a9","hash":"fdd61cf46a9314d648c9fd606969b18bd20c378a"}
,"/home/daniel/Sites/GetDKAN/cmsds-open-data-components/src/assets/metadataMapping.jsx": {"path":"/home/daniel/Sites/GetDKAN/cmsds-open-data-components/src/assets/metadataMapping.jsx","statementMap":{"0":{"start":{"line":6,"column":38},"end":{"line":112,"column":1}},"1":{"start":{"line":8,"column":4},"end":{"line":8,"column":75}},"2":{"start":{"line":11,"column":4},"end":{"line":11,"column":73}},"3":{"start":{"line":14,"column":4},"end":{"line":19,"column":6}},"4":{"start":{"line":22,"column":4},"end":{"line":26,"column":5}},"5":{"start":{"line":23,"column":6},"end":{"line":23,"column":61}},"6":{"start":{"line":25,"column":6},"end":{"line":25,"column":16}},"7":{"start":{"line":29,"column":4},"end":{"line":29,"column":50}},"8":{"start":{"line":32,"column":15},"end":{"line":32,"column":17}},"9":{"start":{"line":33,"column":4},"end":{"line":35,"column":5}},"10":{"start":{"line":34,"column":6},"end":{"line":34,"column":54}},"11":{"start":{"line":36,"column":4},"end":{"line":38,"column":5}},"12":{"start":{"line":37,"column":6},"end":{"line":37,"column":66}},"13":{"start":{"line":39,"column":4},"end":{"line":39,"column":16}},"14":{"start":{"line":42,"column":4},"end":{"line":44,"column":5}},"15":{"start":{"line":43,"column":6},"end":{"line":43,"column":56}},"16":{"start":{"line":45,"column":4},"end":{"line":45,"column":14}},"17":{"start":{"line":48,"column":4},"end":{"line":50,"column":5}},"18":{"start":{"line":49,"column":6},"end":{"line":49,"column":57}},"19":{"start":{"line":51,"column":4},"end":{"line":51,"column":14}},"20":{"start":{"line":54,"column":4},"end":{"line":65,"column":6}},"21":{"start":{"line":59,"column":12},"end":{"line":61,"column":19}},"22":{"start":{"line":63,"column":34},"end":{"line":63,"column":52}},"23":{"start":{"line":68,"column":4},"end":{"line":79,"column":6}},"24":{"start":{"line":73,"column":12},"end":{"line":75,"column":19}},"25":{"start":{"line":77,"column":34},"end":{"line":77,"column":52}},"26":{"start":{"line":82,"column":4},"end":{"line":82,"column":68}},"27":{"start":{"line":85,"column":4},"end":{"line":85,"column":59}},"28":{"start":{"line":89,"column":4},"end":{"line":91,"column":6}},"29":{"start":{"line":94,"column":4},"end":{"line":94,"column":69}},"30":{"start":{"line":97,"column":4},"end":{"line":110,"column":6}},"31":{"start":{"line":103,"column":14},"end":{"line":105,"column":19}}},"fnMap":{"0":{"name":"(anonymous_0)","decl":{"start":{"line":7,"column":12},"end":{"line":7,"column":13}},"loc":{"start":{"line":7,"column":22},"end":{"line":9,"column":3}},"line":7},"1":{"name":"(anonymous_1)","decl":{"start":{"line":10,"column":10},"end":{"line":10,"column":11}},"loc":{"start":{"line":10,"column":20},"end":{"line":12,"column":3}},"line":10},"2":{"name":"(anonymous_2)","decl":{"start":{"line":13,"column":22},"end":{"line":13,"column":23}},"loc":{"start":{"line":13,"column":32},"end":{"line":20,"column":3}},"line":13},"3":{"name":"(anonymous_3)","decl":{"start":{"line":21,"column":13},"end":{"line":21,"column":14}},"loc":{"start":{"line":21,"column":23},"end":{"line":27,"column":3}},"line":21},"4":{"name":"(anonymous_4)","decl":{"start":{"line":28,"column":14},"end":{"line":28,"column":15}},"loc":{"start":{"line":28,"column":24},"end":{"line":30,"column":3}},"line":28},"5":{"name":"(anonymous_5)","decl":{"start":{"line":31,"column":16},"end":{"line":31,"column":17}},"loc":{"start":{"line":31,"column":26},"end":{"line":40,"column":3}},"line":31},"6":{"name":"(anonymous_6)","decl":{"start":{"line":41,"column":14},"end":{"line":41,"column":15}},"loc":{"start":{"line":41,"column":24},"end":{"line":46,"column":3}},"line":41},"7":{"name":"(anonymous_7)","decl":{"start":{"line":47,"column":15},"end":{"line":47,"column":16}},"loc":{"start":{"line":47,"column":25},"end":{"line":52,"column":3}},"line":47},"8":{"name":"(anonymous_8)","decl":{"start":{"line":53,"column":9},"end":{"line":53,"column":10}},"loc":{"start":{"line":53,"column":19},"end":{"line":66,"column":3}},"line":53},"9":{"name":"(anonymous_9)","decl":{"start":{"line":58,"column":15},"end":{"line":58,"column":16}},"loc":{"start":{"line":59,"column":12},"end":{"line":61,"column":19}},"line":59},"10":{"name":"(anonymous_10)","decl":{"start":{"line":63,"column":18},"end":{"line":63,"column":19}},"loc":{"start":{"line":63,"column":34},"end":{"line":63,"column":52}},"line":63},"11":{"name":"(anonymous_11)","decl":{"start":{"line":67,"column":11},"end":{"line":67,"column":12}},"loc":{"start":{"line":67,"column":21},"end":{"line":80,"column":3}},"line":67},"12":{"name":"(anonymous_12)","decl":{"start":{"line":72,"column":15},"end":{"line":72,"column":16}},"loc":{"start":{"line":73,"column":12},"end":{"line":75,"column":19}},"line":73},"13":{"name":"(anonymous_13)","decl":{"start":{"line":77,"column":18},"end":{"line":77,"column":19}},"loc":{"start":{"line":77,"column":34},"end":{"line":77,"column":52}},"line":77},"14":{"name":"(anonymous_14)","decl":{"start":{"line":81,"column":11},"end":{"line":81,"column":12}},"loc":{"start":{"line":81,"column":21},"end":{"line":83,"column":3}},"line":81},"15":{"name":"(anonymous_15)","decl":{"start":{"line":84,"column":15},"end":{"line":84,"column":16}},"loc":{"start":{"line":84,"column":25},"end":{"line":86,"column":3}},"line":84},"16":{"name":"(anonymous_16)","decl":{"start":{"line":88,"column":12},"end":{"line":88,"column":13}},"loc":{"start":{"line":88,"column":22},"end":{"line":92,"column":3}},"line":88},"17":{"name":"(anonymous_17)","decl":{"start":{"line":93,"column":11},"end":{"line":93,"column":12}},"loc":{"start":{"line":93,"column":21},"end":{"line":95,"column":3}},"line":93},"18":{"name":"(anonymous_18)","decl":{"start":{"line":96,"column":14},"end":{"line":96,"column":15}},"loc":{"start":{"line":96,"column":24},"end":{"line":111,"column":3}},"line":96},"19":{"name":"(anonymous_19)","decl":{"start":{"line":102,"column":22},"end":{"line":102,"column":23}},"loc":{"start":{"line":103,"column":14},"end":{"line":105,"column":19}},"line":103}},"branchMap":{"0":{"loc":{"start":{"line":22,"column":4},"end":{"line":26,"column":5}},"type":"if","locations":[{"start":{"line":22,"column":4},"end":{"line":26,"column":5}},{"start":{"line":24,"column":11},"end":{"line":26,"column":5}}],"line":22},"1":{"loc":{"start":{"line":22,"column":8},"end":{"line":22,"column":35}},"type":"binary-expr","locations":[{"start":{"line":22,"column":8},"end":{"line":22,"column":17}},{"start":{"line":22,"column":21},"end":{"line":22,"column":35}}],"line":22},"2":{"loc":{"start":{"line":33,"column":4},"end":{"line":35,"column":5}},"type":"if","locations":[{"start":{"line":33,"column":4},"end":{"line":35,"column":5}},{"start":{},"end":{}}],"line":33},"3":{"loc":{"start":{"line":36,"column":4},"end":{"line":38,"column":5}},"type":"if","locations":[{"start":{"line":36,"column":4},"end":{"line":38,"column":5}},{"start":{},"end":{}}],"line":36},"4":{"loc":{"start":{"line":42,"column":4},"end":{"line":44,"column":5}},"type":"if","locations":[{"start":{"line":42,"column":4},"end":{"line":44,"column":5}},{"start":{},"end":{}}],"line":42},"5":{"loc":{"start":{"line":48,"column":4},"end":{"line":50,"column":5}},"type":"if","locations":[{"start":{"line":48,"column":4},"end":{"line":50,"column":5}},{"start":{},"end":{}}],"line":48}},"s":{"0":3,"1":3,"2":2,"3":2,"4":4,"5":2,"6":2,"7":6,"8":4,"9":4,"10":3,"11":4,"12":3,"13":4,"14":3,"15":2,"16":1,"17":3,"18":2,"19":1,"20":2,"21":4,"22":2,"23":2,"24":4,"25":2,"26":2,"27":2,"28":2,"29":2,"30":2,"31":4},"f":{"0":3,"1":2,"2":2,"3":4,"4":6,"5":4,"6":3,"7":3,"8":2,"9":4,"10":2,"11":2,"12":4,"13":2,"14":2,"15":2,"16":2,"17":2,"18":2,"19":4},"b":{"0":[2,2],"1":[4,3],"2":[3,1],"3":[3,1],"4":[2,1],"5":[2,1]},"_coverageSchema":"1a1c01bbd47fc00a2c39e90264f33305004495a9","hash":"a1a27052df993b16a00c7ad4e89ec4ea20a5259d"}
,"/home/daniel/Sites/GetDKAN/cmsds-open-data-components/src/assets/icons/searchItem.tsx": {"path":"/home/daniel/Sites/GetDKAN/cmsds-open-data-components/src/assets/icons/searchItem.tsx","statementMap":{"0":{"start":{"line":6,"column":23},"end":{"line":115,"column":1}},"1":{"start":{"line":7,"column":2},"end":{"line":114,"column":3}},"2":{"start":{"line":9,"column":6},"end":{"line":34,"column":8}},"3":{"start":{"line":36,"column":6},"end":{"line":56,"column":8}},"4":{"start":{"line":58,"column":6},"end":{"line":78,"column":8}},"5":{"start":{"line":80,"column":6},"end":{"line":98,"column":8}},"6":{"start":{"line":100,"column":6},"end":{"line":111,"column":8}},"7":{"start":{"line":113,"column":6},"end":{"line":113,"column":18}}},"fnMap":{"0":{"name":"(anonymous_0)","decl":{"start":{"line":6,"column":23},"end":{"line":6,"column":24}},"loc":{"start":{"line":6,"column":45},"end":{"line":115,"column":1}},"line":6}},"branchMap":{"0":{"loc":{"start":{"line":7,"column":2},"end":{"line":114,"column":3}},"type":"switch","locations":[{"start":{"line":8,"column":4},"end":{"line":34,"column":8}},{"start":{"line":35,"column":4},"end":{"line":56,"column":8}},{"start":{"line":57,"column":4},"end":{"line":78,"column":8}},{"start":{"line":79,"column":4},"end":{"line":98,"column":8}},{"start":{"line":99,"column":4},"end":{"line":111,"column":8}},{"start":{"line":112,"column":4},"end":{"line":113,"column":18}}],"line":7}},"s":{"0":2,"1":47,"2":13,"3":13,"4":13,"5":8,"6":0,"7":0},"f":{"0":47},"b":{"0":[13,13,13,8,0,0]},"_coverageSchema":"1a1c01bbd47fc00a2c39e90264f33305004495a9","hash":"db109185b38dff4b4dc9134eb48b038879fd900a"}
,"/home/daniel/Sites/GetDKAN/cmsds-open-data-components/src/components/DataTableDensity/index.jsx": {"path":"/home/daniel/Sites/GetDKAN/cmsds-open-data-components/src/components/DataTableDensity/index.jsx","statementMap":{"0":{"start":{"line":5,"column":25},"end":{"line":22,"column":1}},"1":{"start":{"line":6,"column":2},"end":{"line":21,"column":4}},"2":{"start":{"line":17,"column":25},"end":{"line":17,"column":56}},"3":{"start":{"line":24,"column":0},"end":{"line":26,"column":2}}},"fnMap":{"0":{"name":"(anonymous_0)","decl":{"start":{"line":5,"column":25},"end":{"line":5,"column":26}},"loc":{"start":{"line":5,"column":64},"end":{"line":22,"column":1}},"line":5},"1":{"name":"(anonymous_1)","decl":{"start":{"line":17,"column":18},"end":{"line":17,"column":19}},"loc":{"start":{"line":17,"column":25},"end":{"line":17,"column":56}},"line":17}},"branchMap":{},"s":{"0":1,"1":1,"2":0,"3":1},"f":{"0":1,"1":0},"b":{},"_coverageSchema":"1a1c01bbd47fc00a2c39e90264f33305004495a9","hash":"253bb56d849fb76248077c8b9054ea0f12fe49c9"}
,"/home/daniel/Sites/GetDKAN/cmsds-open-data-components/src/components/DataTablePageResults/DataTablePageResults.tsx": {"path":"/home/daniel/Sites/GetDKAN/cmsds-open-data-components/src/components/DataTablePageResults/DataTablePageResults.tsx","statementMap":{"0":{"start":{"line":11,"column":29},"end":{"line":34,"column":1}},"1":{"start":{"line":14,"column":23},"end":{"line":14,"column":32}},"2":{"start":{"line":15,"column":2},"end":{"line":17,"column":3}},"3":{"start":{"line":16,"column":4},"end":{"line":16,"column":59}},"4":{"start":{"line":18,"column":18},"end":{"line":23,"column":3}},"5":{"start":{"line":19,"column":4},"end":{"line":19,"column":55}},"6":{"start":{"line":19,"column":33},"end":{"line":19,"column":53}},"7":{"start":{"line":20,"column":4},"end":{"line":20,"column":64}},"8":{"start":{"line":20,"column":42},"end":{"line":20,"column":62}},"9":{"start":{"line":21,"column":4},"end":{"line":21,"column":39}},"10":{"start":{"line":21,"column":24},"end":{"line":21,"column":37}},"11":{"start":{"line":22,"column":4},"end":{"line":22,"column":28}},"12":{"start":{"line":24,"column":15},"end":{"line":24,"column":29}},"13":{"start":{"line":25,"column":21},"end":{"line":25,"column":45}},"14":{"start":{"line":25,"column":28},"end":{"line":25,"column":44}},"15":{"start":{"line":26,"column":2},"end":{"line":33,"column":4}},"16":{"start":{"line":36,"column":0},"end":{"line":38,"column":2}},"17":{"start":{"line":40,"column":0},"end":{"line":45,"column":2}}},"fnMap":{"0":{"name":"(anonymous_0)","decl":{"start":{"line":11,"column":29},"end":{"line":11,"column":30}},"loc":{"start":{"line":13,"column":32},"end":{"line":34,"column":1}},"line":13},"1":{"name":"(anonymous_1)","decl":{"start":{"line":18,"column":18},"end":{"line":18,"column":19}},"loc":{"start":{"line":18,"column":24},"end":{"line":23,"column":3}},"line":18},"2":{"name":"(anonymous_2)","decl":{"start":{"line":25,"column":21},"end":{"line":25,"column":22}},"loc":{"start":{"line":25,"column":28},"end":{"line":25,"column":44}},"line":25}},"branchMap":{"0":{"loc":{"start":{"line":15,"column":2},"end":{"line":17,"column":3}},"type":"if","locations":[{"start":{"line":15,"column":2},"end":{"line":17,"column":3}},{"start":{},"end":{}}],"line":15},"1":{"loc":{"start":{"line":19,"column":4},"end":{"line":19,"column":55}},"type":"if","locations":[{"start":{"line":19,"column":4},"end":{"line":19,"column":55}},{"start":{},"end":{}}],"line":19},"2":{"loc":{"start":{"line":20,"column":4},"end":{"line":20,"column":64}},"type":"if","locations":[{"start":{"line":20,"column":4},"end":{"line":20,"column":64}},{"start":{},"end":{}}],"line":20},"3":{"loc":{"start":{"line":21,"column":4},"end":{"line":21,"column":39}},"type":"if","locations":[{"start":{"line":21,"column":4},"end":{"line":21,"column":39}},{"start":{},"end":{}}],"line":21}},"s":{"0":2,"1":2,"2":2,"3":0,"4":2,"5":2,"6":0,"7":2,"8":0,"9":2,"10":2,"11":0,"12":2,"13":2,"14":2,"15":2,"16":2,"17":2},"f":{"0":2,"1":2,"2":2},"b":{"0":[0,2],"1":[0,2],"2":[0,2],"3":[2,0]},"_coverageSchema":"1a1c01bbd47fc00a2c39e90264f33305004495a9","hash":"0b71386cb22d2334a68e56e21869b60f37001c5e"}
,"/home/daniel/Sites/GetDKAN/cmsds-open-data-components/src/components/DataTablePageResults/index.js": {"path":"/home/daniel/Sites/GetDKAN/cmsds-open-data-components/src/components/DataTablePageResults/index.js","statementMap":{},"fnMap":{},"branchMap":{},"s":{},"f":{},"b":{},"_coverageSchema":"1a1c01bbd47fc00a2c39e90264f33305004495a9","hash":"2da947882dbd44f4398fbf14db9981fe477c80dc"}
,"/home/daniel/Sites/GetDKAN/cmsds-open-data-components/src/components/DataTableRowChanger/index.tsx": {"path":"/home/daniel/Sites/GetDKAN/cmsds-open-data-components/src/components/DataTableRowChanger/index.tsx","statementMap":{"0":{"start":{"line":11,"column":28},"end":{"line":26,"column":1}},"1":{"start":{"line":12,"column":40},"end":{"line":12,"column":45}},"2":{"start":{"line":13,"column":30},"end":{"line":13,"column":156}},"3":{"start":{"line":13,"column":63},"end":{"line":13,"column":128}},"4":{"start":{"line":14,"column":2},"end":{"line":25,"column":4}},"5":{"start":{"line":21,"column":25},"end":{"line":21,"column":49}},"6":{"start":{"line":28,"column":0},"end":{"line":30,"column":2}},"7":{"start":{"line":32,"column":0},"end":{"line":36,"column":2}}},"fnMap":{"0":{"name":"(anonymous_0)","decl":{"start":{"line":11,"column":28},"end":{"line":11,"column":29}},"loc":{"start":{"line":11,"column":65},"end":{"line":26,"column":1}},"line":11},"1":{"name":"(anonymous_1)","decl":{"start":{"line":13,"column":45},"end":{"line":13,"column":46}},"loc":{"start":{"line":13,"column":63},"end":{"line":13,"column":128}},"line":13},"2":{"name":"(anonymous_2)","decl":{"start":{"line":21,"column":18},"end":{"line":21,"column":19}},"loc":{"start":{"line":21,"column":25},"end":{"line":21,"column":49}},"line":21}},"branchMap":{},"s":{"0":1,"1":2,"2":2,"3":8,"4":2,"5":0,"6":1,"7":1},"f":{"0":2,"1":8,"2":0},"b":{},"_coverageSchema":"1a1c01bbd47fc00a2c39e90264f33305004495a9","hash":"e718d4c3fc9476ca96e75e4eaf543328cbb4f09e"}
,"/home/daniel/Sites/GetDKAN/cmsds-open-data-components/src/components/DatasetAdditionalInformation/index.jsx": {"path":"/home/daniel/Sites/GetDKAN/cmsds-open-data-components/src/components/DatasetAdditionalInformation/index.jsx","statementMap":{"0":{"start":{"line":6,"column":15},"end":{"line":6,"column":17}},"1":{"start":{"line":7,"column":2},"end":{"line":13,"column":5}},"2":{"start":{"line":8,"column":4},"end":{"line":12,"column":5}},"3":{"start":{"line":9,"column":6},"end":{"line":9,"column":18}},"4":{"start":{"line":11,"column":6},"end":{"line":11,"column":55}},"5":{"start":{"line":14,"column":2},"end":{"line":14,"column":14}},"6":{"start":{"line":17,"column":37},"end":{"line":36,"column":1}},"7":{"start":{"line":18,"column":15},"end":{"line":18,"column":51}},"8":{"start":{"line":19,"column":2},"end":{"line":35,"column":4}},"9":{"start":{"line":25,"column":14},"end":{"line":30,"column":25}}},"fnMap":{"0":{"name":"buildRows","decl":{"start":{"line":5,"column":16},"end":{"line":5,"column":25}},"loc":{"start":{"line":5,"column":56},"end":{"line":15,"column":1}},"line":5},"1":{"name":"(anonymous_1)","decl":{"start":{"line":7,"column":39},"end":{"line":7,"column":40}},"loc":{"start":{"line":7,"column":46},"end":{"line":13,"column":3}},"line":7},"2":{"name":"(anonymous_2)","decl":{"start":{"line":17,"column":37},"end":{"line":17,"column":38}},"loc":{"start":{"line":17,"column":71},"end":{"line":36,"column":1}},"line":17},"3":{"name":"(anonymous_3)","decl":{"start":{"line":24,"column":22},"end":{"line":24,"column":23}},"loc":{"start":{"line":25,"column":14},"end":{"line":30,"column":25}},"line":25}},"branchMap":{"0":{"loc":{"start":{"line":8,"column":4},"end":{"line":12,"column":5}},"type":"if","locations":[{"start":{"line":8,"column":4},"end":{"line":12,"column":5}},{"start":{"line":10,"column":11},"end":{"line":12,"column":5}}],"line":8}},"s":{"0":8,"1":8,"2":120,"3":80,"4":40,"5":8,"6":2,"7":8,"8":8,"9":38},"f":{"0":8,"1":120,"2":8,"3":38},"b":{"0":[80,40]},"_coverageSchema":"1a1c01bbd47fc00a2c39e90264f33305004495a9","hash":"3a3edf581b86c248f38a7f750a85f401dd129fa9"}
,"/home/daniel/Sites/GetDKAN/cmsds-open-data-components/src/components/DatasetOverviewTab/index.tsx": {"path":"/home/daniel/Sites/GetDKAN/cmsds-open-data-components/src/components/DatasetOverviewTab/index.tsx","statementMap":{"0":{"start":{"line":6,"column":24},"end":{"line":17,"column":1}},"1":{"start":{"line":7,"column":2},"end":{"line":16,"column":4}}},"fnMap":{"0":{"name":"(anonymous_0)","decl":{"start":{"line":6,"column":24},"end":{"line":6,"column":25}},"loc":{"start":{"line":6,"column":110},"end":{"line":17,"column":1}},"line":6}},"branchMap":{},"s":{"0":1,"1":1},"f":{"0":1},"b":{},"_coverageSchema":"1a1c01bbd47fc00a2c39e90264f33305004495a9","hash":"a64a069da0f5bc34a71ab967717a0b5e93cb6c09"}
,"/home/daniel/Sites/GetDKAN/cmsds-open-data-components/src/components/DatasetSearchFacets/index.tsx": {"path":"/home/daniel/Sites/GetDKAN/cmsds-open-data-components/src/components/DatasetSearchFacets/index.tsx","statementMap":{"0":{"start":{"line":6,"column":21},"end":{"line":49,"column":1}},"1":{"start":{"line":7,"column":66},"end":{"line":7,"column":71}},"2":{"start":{"line":8,"column":25},"end":{"line":10,"column":4}},"3":{"start":{"line":9,"column":4},"end":{"line":9,"column":87}},"4":{"start":{"line":9,"column":66},"end":{"line":9,"column":78}},"5":{"start":{"line":12,"column":24},"end":{"line":12,"column":59}},"6":{"start":{"line":12,"column":30},"end":{"line":12,"column":59}},"7":{"start":{"line":13,"column":26},"end":{"line":13,"column":64}},"8":{"start":{"line":13,"column":32},"end":{"line":13,"column":64}},"9":{"start":{"line":15,"column":2},"end":{"line":48,"column":4}},"10":{"start":{"line":28,"column":16},"end":{"line":40,"column":18}},"11":{"start":{"line":32,"column":63},"end":{"line":32,"column":75}},"12":{"start":{"line":37,"column":37},"end":{"line":37,"column":68}}},"fnMap":{"0":{"name":"(anonymous_0)","decl":{"start":{"line":6,"column":21},"end":{"line":6,"column":22}},"loc":{"start":{"line":6,"column":55},"end":{"line":49,"column":1}},"line":6},"1":{"name":"(anonymous_1)","decl":{"start":{"line":8,"column":40},"end":{"line":8,"column":41}},"loc":{"start":{"line":8,"column":67},"end":{"line":10,"column":3}},"line":8},"2":{"name":"(anonymous_2)","decl":{"start":{"line":9,"column":59},"end":{"line":9,"column":60}},"loc":{"start":{"line":9,"column":66},"end":{"line":9,"column":78}},"line":9},"3":{"name":"(anonymous_3)","decl":{"start":{"line":12,"column":24},"end":{"line":12,"column":25}},"loc":{"start":{"line":12,"column":30},"end":{"line":12,"column":59}},"line":12},"4":{"name":"(anonymous_4)","decl":{"start":{"line":13,"column":26},"end":{"line":13,"column":27}},"loc":{"start":{"line":13,"column":32},"end":{"line":13,"column":64}},"line":13},"5":{"name":"(anonymous_5)","decl":{"start":{"line":27,"column":19},"end":{"line":27,"column":20}},"loc":{"start":{"line":27,"column":46},"end":{"line":41,"column":15}},"line":27},"6":{"name":"(anonymous_6)","decl":{"start":{"line":32,"column":56},"end":{"line":32,"column":57}},"loc":{"start":{"line":32,"column":63},"end":{"line":32,"column":75}},"line":32},"7":{"name":"(anonymous_7)","decl":{"start":{"line":37,"column":31},"end":{"line":37,"column":32}},"loc":{"start":{"line":37,"column":37},"end":{"line":37,"column":68}},"line":37}},"branchMap":{"0":{"loc":{"start":{"line":7,"column":42},"end":{"line":7,"column":61}},"type":"default-arg","locations":[{"start":{"line":7,"column":59},"end":{"line":7,"column":61}}],"line":7},"1":{"loc":{"start":{"line":9,"column":11},"end":{"line":9,"column":86}},"type":"binary-expr","locations":[{"start":{"line":9,"column":11},"end":{"line":9,"column":30}},{"start":{"line":9,"column":34},"end":{"line":9,"column":86}}],"line":9},"2":{"loc":{"start":{"line":26,"column":13},"end":{"line":43,"column":15}},"type":"cond-expr","locations":[{"start":{"line":26,"column":37},"end":{"line":41,"column":16}},{"start":{"line":42,"column":16},"end":{"line":42,"column":66}}],"line":26},"3":{"loc":{"start":{"line":32,"column":31},"end":{"line":32,"column":96}},"type":"cond-expr","locations":[{"start":{"line":32,"column":84},"end":{"line":32,"column":88}},{"start":{"line":32,"column":91},"end":{"line":32,"column":96}}],"line":32}},"s":{"0":2,"1":8,"2":8,"3":12,"4":0,"5":8,"6":1,"7":8,"8":8,"9":8,"10":12,"11":2,"12":1},"f":{"0":8,"1":12,"2":0,"3":1,"4":8,"5":12,"6":2,"7":1},"b":{"0":[3],"1":[12,0],"2":[8,0],"3":[1,11]},"_coverageSchema":"1a1c01bbd47fc00a2c39e90264f33305004495a9","hash":"308a77c1a600a0771dc573110817a3559c41185e"}
,"/home/daniel/Sites/GetDKAN/cmsds-open-data-components/src/components/DatasetSearchListItem/index.tsx": {"path":"/home/daniel/Sites/GetDKAN/cmsds-open-data-components/src/components/DatasetSearchListItem/index.tsx","statementMap":{"0":{"start":{"line":21,"column":30},"end":{"line":94,"column":1}},"1":{"start":{"line":22,"column":18},"end":{"line":22,"column":51}},"2":{"start":{"line":23,"column":113},"end":{"line":23,"column":118}},"3":{"start":{"line":25,"column":29},"end":{"line":25,"column":65}},"4":{"start":{"line":26,"column":20},"end":{"line":26,"column":75}},"5":{"start":{"line":27,"column":2},"end":{"line":30,"column":3}},"6":{"start":{"line":28,"column":4},"end":{"line":28,"column":44}},"7":{"start":{"line":29,"column":4},"end":{"line":29,"column":62}},"8":{"start":{"line":32,"column":2},"end":{"line":93,"column":4}}},"fnMap":{"0":{"name":"(anonymous_0)","decl":{"start":{"line":21,"column":30},"end":{"line":21,"column":31}},"loc":{"start":{"line":21,"column":58},"end":{"line":94,"column":1}},"line":21}},"branchMap":{"0":{"loc":{"start":{"line":23,"column":72},"end":{"line":23,"column":89}},"type":"default-arg","locations":[{"start":{"line":23,"column":84},"end":{"line":23,"column":89}}],"line":23},"1":{"loc":{"start":{"line":27,"column":2},"end":{"line":30,"column":3}},"type":"if","locations":[{"start":{"line":27,"column":2},"end":{"line":30,"column":3}},{"start":{},"end":{}}],"line":27},"2":{"loc":{"start":{"line":34,"column":46},"end":{"line":34,"column":135}},"type":"cond-expr","locations":[{"start":{"line":34,"column":66},"end":{"line":34,"column":86}},{"start":{"line":34,"column":89},"end":{"line":34,"column":135}}],"line":34},"3":{"loc":{"start":{"line":36,"column":108},"end":{"line":36,"column":173}},"type":"cond-expr","locations":[{"start":{"line":36,"column":128},"end":{"line":36,"column":149}},{"start":{"line":36,"column":152},"end":{"line":36,"column":173}}],"line":36},"4":{"loc":{"start":{"line":71,"column":11},"end":{"line":89,"column":11}},"type":"cond-expr","locations":[{"start":{"line":72,"column":12},"end":{"line":86,"column":17}},{"start":{"line":88,"column":12},"end":{"line":88,"column":14}}],"line":71},"5":{"loc":{"start":{"line":74,"column":17},"end":{"line":84,"column":17}},"type":"cond-expr","locations":[{"start":{"line":75,"column":18},"end":{"line":78,"column":25}},{"start":{"line":80,"column":18},"end":{"line":83,"column":22}}],"line":74}},"s":{"0":2,"1":13,"2":13,"3":13,"4":13,"5":13,"6":0,"7":0,"8":13},"f":{"0":13},"b":{"0":[9],"1":[0,13],"2":[4,9],"3":[4,9],"4":[8,5],"5":[0,8]},"_coverageSchema":"1a1c01bbd47fc00a2c39e90264f33305004495a9","hash":"fb98ce7b0193407b973600cfe1577f73dbb0f2f3"}
,"/home/daniel/Sites/GetDKAN/cmsds-open-data-components/src/components/DatasetSearchListItem/truncateText.ts": {"path":"/home/daniel/Sites/GetDKAN/cmsds-open-data-components/src/components/DatasetSearchListItem/truncateText.ts","statementMap":{"0":{"start":{"line":5,"column":2},"end":{"line":7,"column":3}},"1":{"start":{"line":6,"column":4},"end":{"line":6,"column":14}},"2":{"start":{"line":9,"column":20},"end":{"line":9,"column":30}},"3":{"start":{"line":10,"column":2},"end":{"line":12,"column":3}},"4":{"start":{"line":11,"column":4},"end":{"line":11,"column":47}},"5":{"start":{"line":14,"column":2},"end":{"line":16,"column":3}},"6":{"start":{"line":15,"column":4},"end":{"line":15,"column":48}},"7":{"start":{"line":18,"column":2},"end":{"line":21,"column":4}},"8":{"start":{"line":23,"column":2},"end":{"line":23,"column":61}}},"fnMap":{"0":{"name":"truncateText","decl":{"start":{"line":4,"column":16},"end":{"line":4,"column":28}},"loc":{"start":{"line":4,"column":83},"end":{"line":24,"column":1}},"line":4}},"branchMap":{"0":{"loc":{"start":{"line":4,"column":49},"end":{"line":4,"column":73}},"type":"default-arg","locations":[{"start":{"line":4,"column":70},"end":{"line":4,"column":73}}],"line":4},"1":{"loc":{"start":{"line":5,"column":2},"end":{"line":7,"column":3}},"type":"if","locations":[{"start":{"line":5,"column":2},"end":{"line":7,"column":3}},{"start":{},"end":{}}],"line":5},"2":{"loc":{"start":{"line":10,"column":2},"end":{"line":12,"column":3}},"type":"if","locations":[{"start":{"line":10,"column":2},"end":{"line":12,"column":3}},{"start":{},"end":{}}],"line":10},"3":{"loc":{"start":{"line":14,"column":2},"end":{"line":16,"column":3}},"type":"if","locations":[{"start":{"line":14,"column":2},"end":{"line":16,"column":3}},{"start":{},"end":{}}],"line":14}},"s":{"0":14,"1":4,"2":10,"3":10,"4":3,"5":10,"6":2,"7":10,"8":10},"f":{"0":14},"b":{"0":[13],"1":[4,10],"2":[3,7],"3":[2,8]},"_coverageSchema":"1a1c01bbd47fc00a2c39e90264f33305004495a9","hash":"968ec5fd103102cd19f334e5de5ddea8378a3506"}
,"/home/daniel/Sites/GetDKAN/cmsds-open-data-components/src/components/DatasetTableTab/index.tsx": {"path":"/home/daniel/Sites/GetDKAN/cmsds-open-data-components/src/components/DatasetTableTab/index.tsx","statementMap":{"0":{"start":{"line":12,"column":2},"end":{"line":16,"column":6}},"1":{"start":{"line":12,"column":40},"end":{"line":16,"column":3}},"2":{"start":{"line":19,"column":21},"end":{"line":99,"column":1}},"3":{"start":{"line":22,"column":22},"end":{"line":22,"column":23}},"4":{"start":{"line":23,"column":26},"end":{"line":23,"column":28}},"5":{"start":{"line":24,"column":26},"end":{"line":24,"column":47}},"6":{"start":{"line":26,"column":30},"end":{"line":30,"column":3}},"7":{"start":{"line":32,"column":18},"end":{"line":34,"column":59}},"8":{"start":{"line":36,"column":21},"end":{"line":36,"column":38}},"9":{"start":{"line":37,"column":41},"end":{"line":37,"column":49}},"10":{"start":{"line":38,"column":19},"end":{"line":38,"column":50}},"11":{"start":{"line":40,"column":22},"end":{"line":43,"column":16}},"12":{"start":{"line":45,"column":2},"end":{"line":98,"column":102}},"13":{"start":{"line":51,"column":4},"end":{"line":97,"column":3}},"14":{"start":{"line":72,"column":16},"end":{"line":72,"column":37}},"15":{"start":{"line":73,"column":16},"end":{"line":73,"column":46}},"16":{"start":{"line":74,"column":16},"end":{"line":74,"column":30}},"17":{"start":{"line":77,"column":16},"end":{"line":77,"column":26}},"18":{"start":{"line":82,"column":48},"end":{"line":82,"column":85}},"19":{"start":{"line":88,"column":16},"end":{"line":88,"column":51}},"20":{"start":{"line":89,"column":16},"end":{"line":89,"column":27}},"21":{"start":{"line":90,"column":16},"end":{"line":90,"column":29}},"22":{"start":{"line":98,"column":9},"end":{"line":98,"column":102}}},"fnMap":{"0":{"name":"prepareColumns","decl":{"start":{"line":11,"column":16},"end":{"line":11,"column":30}},"loc":{"start":{"line":11,"column":60},"end":{"line":17,"column":1}},"line":11},"1":{"name":"(anonymous_1)","decl":{"start":{"line":12,"column":21},"end":{"line":12,"column":22}},"loc":{"start":{"line":12,"column":40},"end":{"line":16,"column":3}},"line":12},"2":{"name":"(anonymous_2)","decl":{"start":{"line":19,"column":21},"end":{"line":19,"column":22}},"loc":{"start":{"line":21,"column":7},"end":{"line":99,"column":1}},"line":21},"3":{"name":"(anonymous_3)","decl":{"start":{"line":71,"column":28},"end":{"line":71,"column":29}},"loc":{"start":{"line":71,"column":43},"end":{"line":75,"column":15}},"line":71},"4":{"name":"(anonymous_4)","decl":{"start":{"line":76,"column":26},"end":{"line":76,"column":27}},"loc":{"start":{"line":76,"column":36},"end":{"line":78,"column":15}},"line":76},"5":{"name":"(anonymous_5)","decl":{"start":{"line":82,"column":38},"end":{"line":82,"column":39}},"loc":{"start":{"line":82,"column":48},"end":{"line":82,"column":85}},"line":82},"6":{"name":"(anonymous_6)","decl":{"start":{"line":87,"column":24},"end":{"line":87,"column":25}},"loc":{"start":{"line":87,"column":31},"end":{"line":91,"column":15}},"line":87}},"branchMap":{"0":{"loc":{"start":{"line":14,"column":6},"end":{"line":14,"column":94}},"type":"cond-expr","locations":[{"start":{"line":14,"column":52},"end":{"line":14,"column":85}},{"start":{"line":14,"column":88},"end":{"line":14,"column":94}}],"line":14},"1":{"loc":{"start":{"line":14,"column":6},"end":{"line":14,"column":49}},"type":"binary-expr","locations":[{"start":{"line":14,"column":6},"end":{"line":14,"column":12}},{"start":{"line":14,"column":16},"end":{"line":14,"column":49}}],"line":14},"2":{"loc":{"start":{"line":19,"column":61},"end":{"line":19,"column":79}},"type":"default-arg","locations":[{"start":{"line":19,"column":77},"end":{"line":19,"column":79}}],"line":19},"3":{"loc":{"start":{"line":19,"column":81},"end":{"line":19,"column":100}},"type":"default-arg","locations":[{"start":{"line":19,"column":91},"end":{"line":19,"column":100}}],"line":19},"4":{"loc":{"start":{"line":32,"column":18},"end":{"line":34,"column":59}},"type":"cond-expr","locations":[{"start":{"line":33,"column":6},"end":{"line":33,"column":25}},{"start":{"line":34,"column":6},"end":{"line":34,"column":59}}],"line":32},"5":{"loc":{"start":{"line":38,"column":19},"end":{"line":38,"column":50}},"type":"cond-expr","locations":[{"start":{"line":38,"column":27},"end":{"line":38,"column":32}},{"start":{"line":38,"column":35},"end":{"line":38,"column":50}}],"line":38},"6":{"loc":{"start":{"line":45,"column":2},"end":{"line":98,"column":102}},"type":"if","locations":[{"start":{"line":45,"column":2},"end":{"line":98,"column":102}},{"start":{"line":98,"column":9},"end":{"line":98,"column":102}}],"line":45},"7":{"loc":{"start":{"line":46,"column":4},"end":{"line":49,"column":36}},"type":"binary-expr","locations":[{"start":{"line":46,"column":4},"end":{"line":46,"column":32}},{"start":{"line":47,"column":4},"end":{"line":47,"column":18}},{"start":{"line":48,"column":4},"end":{"line":48,"column":19}},{"start":{"line":49,"column":4},"end":{"line":49,"column":36}}],"line":46},"8":{"loc":{"start":{"line":66,"column":9},"end":{"line":95,"column":9}},"type":"binary-expr","locations":[{"start":{"line":66,"column":9},"end":{"line":66,"column":26}},{"start":{"line":67,"column":10},"end":{"line":94,"column":16}}],"line":66},"9":{"loc":{"start":{"line":69,"column":36},"end":{"line":69,"column":82}},"type":"cond-expr","locations":[{"start":{"line":69,"column":53},"end":{"line":69,"column":78}},{"start":{"line":69,"column":81},"end":{"line":69,"column":82}}],"line":69}},"s":{"0":0,"1":0,"2":1,"3":1,"4":1,"5":1,"6":1,"7":1,"8":1,"9":1,"10":1,"11":1,"12":1,"13":1,"14":0,"15":0,"16":0,"17":5,"18":4,"19":0,"20":0,"21":0,"22":0},"f":{"0":0,"1":0,"2":1,"3":0,"4":5,"5":4,"6":0},"b":{"0":[0,0],"1":[0,0],"2":[1],"3":[1],"4":[1,0],"5":[1,0],"6":[1,0],"7":[1,1,1,1],"8":[1,1],"9":[1,0]},"_coverageSchema":"1a1c01bbd47fc00a2c39e90264f33305004495a9","hash":"0b3226dd670e48e533c877485ddd27511730b9a3"}
,"/home/daniel/Sites/GetDKAN/cmsds-open-data-components/src/components/Datatable/Datatable.jsx": {"path":"/home/daniel/Sites/GetDKAN/cmsds-open-data-components/src/components/Datatable/Datatable.jsx","statementMap":{"0":{"start":{"line":14,"column":18},"end":{"line":127,"column":1}},"1":{"start":{"line":23,"column":34},"end":{"line":23,"column":52}},"2":{"start":{"line":24,"column":50},"end":{"line":24,"column":62}},"3":{"start":{"line":25,"column":23},"end":{"line":25,"column":43}},"4":{"start":{"line":26,"column":24},"end":{"line":40,"column":4}},"5":{"start":{"line":27,"column":4},"end":{"line":34,"column":5}},"6":{"start":{"line":28,"column":6},"end":{"line":33,"column":7}},"7":{"start":{"line":35,"column":4},"end":{"line":39,"column":5}},"8":{"start":{"line":42,"column":22},"end":{"line":50,"column":3}},"9":{"start":{"line":43,"column":4},"end":{"line":45,"column":5}},"10":{"start":{"line":44,"column":6},"end":{"line":44,"column":29}},"11":{"start":{"line":46,"column":4},"end":{"line":48,"column":5}},"12":{"start":{"line":47,"column":6},"end":{"line":47,"column":30}},"13":{"start":{"line":49,"column":4},"end":{"line":49,"column":31}},"14":{"start":{"line":51,"column":18},"end":{"line":51,"column":20}},"15":{"start":{"line":52,"column":16},"end":{"line":66,"column":4}},"16":{"start":{"line":68,"column":3},"end":{"line":71,"column":16}},"17":{"start":{"line":69,"column":27},"end":{"line":69,"column":75}},"18":{"start":{"line":70,"column":4},"end":{"line":70,"column":28}},"19":{"start":{"line":73,"column":2},"end":{"line":126,"column":3}},"20":{"start":{"line":99,"column":25},"end":{"line":99,"column":46}},"21":{"start":{"line":100,"column":12},"end":{"line":119,"column":13}},"22":{"start":{"line":103,"column":34},"end":{"line":103,"column":65}},"23":{"start":{"line":104,"column":18},"end":{"line":116,"column":20}}},"fnMap":{"0":{"name":"(anonymous_0)","decl":{"start":{"line":14,"column":18},"end":{"line":14,"column":19}},"loc":{"start":{"line":22,"column":6},"end":{"line":127,"column":1}},"line":22},"1":{"name":"(anonymous_1)","decl":{"start":{"line":26,"column":36},"end":{"line":26,"column":37}},"loc":{"start":{"line":26,"column":45},"end":{"line":40,"column":3}},"line":26},"2":{"name":"(anonymous_2)","decl":{"start":{"line":42,"column":22},"end":{"line":42,"column":23}},"loc":{"start":{"line":42,"column":47},"end":{"line":50,"column":3}},"line":42},"3":{"name":"(anonymous_3)","decl":{"start":{"line":68,"column":19},"end":{"line":68,"column":20}},"loc":{"start":{"line":68,"column":25},"end":{"line":71,"column":3}},"line":68},"4":{"name":"(anonymous_4)","decl":{"start":{"line":98,"column":40},"end":{"line":98,"column":41}},"loc":{"start":{"line":98,"column":56},"end":{"line":120,"column":13}},"line":98},"5":{"name":"(anonymous_5)","decl":{"start":{"line":102,"column":43},"end":{"line":102,"column":44}},"loc":{"start":{"line":102,"column":53},"end":{"line":117,"column":17}},"line":102}},"branchMap":{"0":{"loc":{"start":{"line":21,"column":2},"end":{"line":21,"column":17}},"type":"default-arg","locations":[{"start":{"line":21,"column":12},"end":{"line":21,"column":17}}],"line":21},"1":{"loc":{"start":{"line":27,"column":4},"end":{"line":34,"column":5}},"type":"if","locations":[{"start":{"line":27,"column":4},"end":{"line":34,"column":5}},{"start":{},"end":{}}],"line":27},"2":{"loc":{"start":{"line":43,"column":4},"end":{"line":45,"column":5}},"type":"if","locations":[{"start":{"line":43,"column":4},"end":{"line":45,"column":5}},{"start":{},"end":{}}],"line":43},"3":{"loc":{"start":{"line":46,"column":4},"end":{"line":48,"column":5}},"type":"if","locations":[{"start":{"line":46,"column":4},"end":{"line":48,"column":5}},{"start":{},"end":{}}],"line":46},"4":{"loc":{"start":{"line":69,"column":27},"end":{"line":69,"column":75}},"type":"cond-expr","locations":[{"start":{"line":69,"column":43},"end":{"line":69,"column":65}},{"start":{"line":69,"column":68},"end":{"line":69,"column":75}}],"line":69},"5":{"loc":{"start":{"line":79,"column":19},"end":{"line":79,"column":66}},"type":"cond-expr","locations":[{"start":{"line":79,"column":31},"end":{"line":79,"column":57}},{"start":{"line":79,"column":60},"end":{"line":79,"column":66}}],"line":79},"6":{"loc":{"start":{"line":84,"column":9},"end":{"line":86,"column":70}},"type":"cond-expr","locations":[{"start":{"line":85,"column":12},"end":{"line":85,"column":122}},{"start":{"line":86,"column":12},"end":{"line":86,"column":70}}],"line":84},"7":{"loc":{"start":{"line":88,"column":9},"end":{"line":122,"column":9}},"type":"cond-expr","locations":[{"start":{"line":89,"column":10},"end":{"line":95,"column":18}},{"start":{"line":97,"column":10},"end":{"line":121,"column":18}}],"line":88},"8":{"loc":{"start":{"line":101,"column":45},"end":{"line":101,"column":83}},"type":"cond-expr","locations":[{"start":{"line":101,"column":52},"end":{"line":101,"column":78}},{"start":{"line":101,"column":81},"end":{"line":101,"column":83}}],"line":101}},"s":{"0":1,"1":1,"2":1,"3":1,"4":1,"5":22,"6":0,"7":22,"8":1,"9":22,"10":0,"11":22,"12":0,"13":22,"14":1,"15":1,"16":1,"17":1,"18":1,"19":1,"20":25,"21":25,"22":550,"23":550},"f":{"0":1,"1":22,"2":22,"3":1,"4":25,"5":550},"b":{"0":[0],"1":[0,22],"2":[0,22],"3":[0,22],"4":[1,0],"5":[1,0],"6":[1,0],"7":[0,1],"8":[12,13]},"_coverageSchema":"1a1c01bbd47fc00a2c39e90264f33305004495a9","hash":"54fe80bb94a253142b342a16365f515317463433"}
,"/home/daniel/Sites/GetDKAN/cmsds-open-data-components/src/components/Datatable/FixedSizeTHead.jsx": {"path":"/home/daniel/Sites/GetDKAN/cmsds-open-data-components/src/components/Datatable/FixedSizeTHead.jsx","statementMap":{"0":{"start":{"line":13,"column":23},"end":{"line":55,"column":1}},"1":{"start":{"line":14,"column":2},"end":{"line":54,"column":4}},"2":{"start":{"line":17,"column":8},"end":{"line":51,"column":13}},"3":{"start":{"line":19,"column":12},"end":{"line":49,"column":14}}},"fnMap":{"0":{"name":"(anonymous_0)","decl":{"start":{"line":13,"column":23},"end":{"line":13,"column":24}},"loc":{"start":{"line":13,"column":49},"end":{"line":55,"column":1}},"line":13},"1":{"name":"(anonymous_1)","decl":{"start":{"line":16,"column":35},"end":{"line":16,"column":36}},"loc":{"start":{"line":17,"column":8},"end":{"line":51,"column":13}},"line":17},"2":{"name":"(anonymous_2)","decl":{"start":{"line":18,"column":35},"end":{"line":18,"column":36}},"loc":{"start":{"line":18,"column":45},"end":{"line":50,"column":11}},"line":18}},"branchMap":{"0":{"loc":{"start":{"line":33,"column":21},"end":{"line":38,"column":23}},"type":"cond-expr","locations":[{"start":{"line":34,"column":24},"end":{"line":34,"column":28}},{"start":{"line":35,"column":24},"end":{"line":38,"column":23}}],"line":33},"1":{"loc":{"start":{"line":42,"column":33},"end":{"line":44,"column":28}},"type":"cond-expr","locations":[{"start":{"line":43,"column":26},"end":{"line":43,"column":98}},{"start":{"line":44,"column":26},"end":{"line":44,"column":28}}],"line":42}},"s":{"0":1,"1":0,"2":0,"3":0},"f":{"0":0,"1":0,"2":0},"b":{"0":[0,0],"1":[0,0]},"_coverageSchema":"1a1c01bbd47fc00a2c39e90264f33305004495a9","hash":"5bf091223e501e80643d4ba8b1a5900ffa1a8c40"}
,"/home/daniel/Sites/GetDKAN/cmsds-open-data-components/src/components/Datatable/HeaderResizeElement.tsx": {"path":"/home/daniel/Sites/GetDKAN/cmsds-open-data-components/src/components/Datatable/HeaderResizeElement.tsx","statementMap":{"0":{"start":{"line":4,"column":28},"end":{"line":98,"column":1}},"1":{"start":{"line":6,"column":46},"end":{"line":6,"column":58}},"2":{"start":{"line":7,"column":2},"end":{"line":97,"column":3}},"3":{"start":{"line":49,"column":37},"end":{"line":49,"column":66}},"4":{"start":{"line":50,"column":10},"end":{"line":90,"column":11}},"5":{"start":{"line":53,"column":14},"end":{"line":53,"column":33}},"6":{"start":{"line":54,"column":14},"end":{"line":54,"column":34}},"7":{"start":{"line":55,"column":14},"end":{"line":63,"column":15}},"8":{"start":{"line":57,"column":16},"end":{"line":57,"column":37}},"9":{"start":{"line":58,"column":16},"end":{"line":58,"column":81}},"10":{"start":{"line":61,"column":16},"end":{"line":61,"column":51}},"11":{"start":{"line":62,"column":16},"end":{"line":62,"column":81}},"12":{"start":{"line":64,"column":14},"end":{"line":64,"column":20}},"13":{"start":{"line":67,"column":14},"end":{"line":70,"column":15}},"14":{"start":{"line":68,"column":16},"end":{"line":68,"column":37}},"15":{"start":{"line":69,"column":16},"end":{"line":69,"column":81}},"16":{"start":{"line":71,"column":14},"end":{"line":71,"column":20}},"17":{"start":{"line":73,"column":16},"end":{"line":73,"column":35}},"18":{"start":{"line":74,"column":16},"end":{"line":74,"column":36}},"19":{"start":{"line":75,"column":16},"end":{"line":79,"column":17}},"20":{"start":{"line":76,"column":18},"end":{"line":76,"column":79}},"21":{"start":{"line":77,"column":18},"end":{"line":77,"column":60}},"22":{"start":{"line":78,"column":18},"end":{"line":78,"column":138}},"23":{"start":{"line":80,"column":16},"end":{"line":80,"column":22}},"24":{"start":{"line":82,"column":16},"end":{"line":82,"column":35}},"25":{"start":{"line":83,"column":16},"end":{"line":83,"column":36}},"26":{"start":{"line":84,"column":16},"end":{"line":88,"column":17}},"27":{"start":{"line":85,"column":18},"end":{"line":85,"column":79}},"28":{"start":{"line":86,"column":18},"end":{"line":86,"column":60}},"29":{"start":{"line":87,"column":18},"end":{"line":87,"column":137}},"30":{"start":{"line":89,"column":16},"end":{"line":89,"column":22}},"31":{"start":{"line":93,"column":10},"end":{"line":93,"column":31}}},"fnMap":{"0":{"name":"(anonymous_0)","decl":{"start":{"line":4,"column":28},"end":{"line":4,"column":29}},"loc":{"start":{"line":5,"column":88},"end":{"line":98,"column":1}},"line":5},"1":{"name":"(anonymous_1)","decl":{"start":{"line":48,"column":19},"end":{"line":48,"column":20}},"loc":{"start":{"line":48,"column":26},"end":{"line":91,"column":9}},"line":48},"2":{"name":"(anonymous_2)","decl":{"start":{"line":92,"column":16},"end":{"line":92,"column":17}},"loc":{"start":{"line":92,"column":22},"end":{"line":94,"column":9}},"line":92}},"branchMap":{"0":{"loc":{"start":{"line":20,"column":11},"end":{"line":25,"column":32}},"type":"cond-expr","locations":[{"start":{"line":21,"column":14},"end":{"line":21,"column":18}},{"start":{"line":22,"column":14},"end":{"line":25,"column":32}}],"line":20},"1":{"loc":{"start":{"line":27,"column":9},"end":{"line":37,"column":9}},"type":"binary-expr","locations":[{"start":{"line":27,"column":9},"end":{"line":27,"column":20}},{"start":{"line":28,"column":8},"end":{"line":36,"column":10}}],"line":27},"2":{"loc":{"start":{"line":31,"column":23},"end":{"line":33,"column":18}},"type":"cond-expr","locations":[{"start":{"line":32,"column":16},"end":{"line":32,"column":107}},{"start":{"line":33,"column":16},"end":{"line":33,"column":18}}],"line":31},"3":{"loc":{"start":{"line":44,"column":12},"end":{"line":44,"column":99}},"type":"cond-expr","locations":[{"start":{"line":44,"column":82},"end":{"line":44,"column":94}},{"start":{"line":44,"column":97},"end":{"line":44,"column":99}}],"line":44},"4":{"loc":{"start":{"line":44,"column":12},"end":{"line":44,"column":79}},"type":"binary-expr","locations":[{"start":{"line":44,"column":12},"end":{"line":44,"column":41}},{"start":{"line":44,"column":45},"end":{"line":44,"column":79}}],"line":44},"5":{"loc":{"start":{"line":50,"column":10},"end":{"line":90,"column":11}},"type":"switch","locations":[{"start":{"line":51,"column":12},"end":{"line":51,"column":25}},{"start":{"line":52,"column":12},"end":{"line":64,"column":20}},{"start":{"line":66,"column":12},"end":{"line":71,"column":20}},{"start":{"line":72,"column":14},"end":{"line":80,"column":22}},{"start":{"line":81,"column":14},"end":{"line":89,"column":22}}],"line":50},"6":{"loc":{"start":{"line":55,"column":14},"end":{"line":63,"column":15}},"type":"if","locations":[{"start":{"line":55,"column":14},"end":{"line":63,"column":15}},{"start":{"line":59,"column":21},"end":{"line":63,"column":15}}],"line":55},"7":{"loc":{"start":{"line":67,"column":14},"end":{"line":70,"column":15}},"type":"if","locations":[{"start":{"line":67,"column":14},"end":{"line":70,"column":15}},{"start":{},"end":{}}],"line":67},"8":{"loc":{"start":{"line":75,"column":16},"end":{"line":79,"column":17}},"type":"if","locations":[{"start":{"line":75,"column":16},"end":{"line":79,"column":17}},{"start":{},"end":{}}],"line":75},"9":{"loc":{"start":{"line":84,"column":16},"end":{"line":88,"column":17}},"type":"if","locations":[{"start":{"line":84,"column":16},"end":{"line":88,"column":17}},{"start":{},"end":{}}],"line":84}},"s":{"0":1,"1":22,"2":22,"3":0,"4":0,"5":0,"6":0,"7":0,"8":0,"9":0,"10":0,"11":0,"12":0,"13":0,"14":0,"15":0,"16":0,"17":0,"18":0,"19":0,"20":0,"21":0,"22":0,"23":0,"24":0,"25":0,"26":0,"27":0,"28":0,"29":0,"30":0,"31":0},"f":{"0":22,"1":0,"2":0},"b":{"0":[0,22],"1":[22,22],"2":[22,0],"3":[0,22],"4":[22,22],"5":[0,0,0,0,0],"6":[0,0],"7":[0,0],"8":[0,0],"9":[0,0]},"_coverageSchema":"1a1c01bbd47fc00a2c39e90264f33305004495a9","hash":"acf13fe05dc95277c3a965860b98544ac47a536f"}
,"/home/daniel/Sites/GetDKAN/cmsds-open-data-components/src/components/Datatable/TruncatedResizeableTHead.jsx": {"path":"/home/daniel/Sites/GetDKAN/cmsds-open-data-components/src/components/Datatable/TruncatedResizeableTHead.jsx","statementMap":{"0":{"start":{"line":4,"column":33},"end":{"line":14,"column":1}},"1":{"start":{"line":5,"column":2},"end":{"line":13,"column":4}},"2":{"start":{"line":8,"column":8},"end":{"line":10,"column":13}},"3":{"start":{"line":9,"column":45},"end":{"line":9,"column":203}}},"fnMap":{"0":{"name":"(anonymous_0)","decl":{"start":{"line":4,"column":33},"end":{"line":4,"column":34}},"loc":{"start":{"line":4,"column":87},"end":{"line":14,"column":1}},"line":4},"1":{"name":"(anonymous_1)","decl":{"start":{"line":7,"column":35},"end":{"line":7,"column":36}},"loc":{"start":{"line":8,"column":8},"end":{"line":10,"column":13}},"line":8},"2":{"name":"(anonymous_2)","decl":{"start":{"line":9,"column":35},"end":{"line":9,"column":36}},"loc":{"start":{"line":9,"column":45},"end":{"line":9,"column":203}},"line":9}},"branchMap":{"0":{"loc":{"start":{"line":4,"column":42},"end":{"line":4,"column":60}},"type":"default-arg","locations":[{"start":{"line":4,"column":56},"end":{"line":4,"column":60}}],"line":4}},"s":{"0":1,"1":1,"2":1,"3":22},"f":{"0":1,"1":1,"2":22},"b":{"0":[0]},"_coverageSchema":"1a1c01bbd47fc00a2c39e90264f33305004495a9","hash":"56890f8abb74b4ded0814065e7e4c9eafbd245a5"}
,"/home/daniel/Sites/GetDKAN/cmsds-open-data-components/src/components/DatatableHeader/index.tsx": {"path":"/home/daniel/Sites/GetDKAN/cmsds-open-data-components/src/components/DatatableHeader/index.tsx","statementMap":{"0":{"start":{"line":6,"column":24},"end":{"line":66,"column":1}},"1":{"start":{"line":7,"column":35},"end":{"line":7,"column":43}},"2":{"start":{"line":8,"column":19},"end":{"line":8,"column":36}},"3":{"start":{"line":10,"column":2},"end":{"line":65,"column":4}},"4":{"start":{"line":26,"column":16},"end":{"line":26,"column":68}}},"fnMap":{"0":{"name":"(anonymous_0)","decl":{"start":{"line":6,"column":24},"end":{"line":6,"column":25}},"loc":{"start":{"line":6,"column":141},"end":{"line":66,"column":1}},"line":6},"1":{"name":"(anonymous_1)","decl":{"start":{"line":25,"column":22},"end":{"line":25,"column":23}},"loc":{"start":{"line":25,"column":28},"end":{"line":27,"column":15}},"line":25}},"branchMap":{"0":{"loc":{"start":{"line":8,"column":19},"end":{"line":8,"column":36}},"type":"cond-expr","locations":[{"start":{"line":8,"column":27},"end":{"line":8,"column":32}},{"start":{"line":8,"column":35},"end":{"line":8,"column":36}}],"line":8},"1":{"loc":{"start":{"line":14,"column":11},"end":{"line":20,"column":11}},"type":"binary-expr","locations":[{"start":{"line":14,"column":11},"end":{"line":14,"column":28}},{"start":{"line":15,"column":12},"end":{"line":19,"column":14}}],"line":14},"2":{"loc":{"start":{"line":49,"column":11},"end":{"line":61,"column":11}},"type":"binary-expr","locations":[{"start":{"line":49,"column":11},"end":{"line":49,"column":18}},{"start":{"line":50,"column":12},"end":{"line":60,"column":18}}],"line":49}},"s":{"0":2,"1":2,"2":2,"3":2,"4":0},"f":{"0":2,"1":0},"b":{"0":[2,0],"1":[2,2],"2":[2,0]},"_coverageSchema":"1a1c01bbd47fc00a2c39e90264f33305004495a9","hash":"b99629129f96180105597ec05c48b61768b0adaf"}
,"/home/daniel/Sites/GetDKAN/cmsds-open-data-components/src/components/LargeFileDialog/index.tsx": {"path":"/home/daniel/Sites/GetDKAN/cmsds-open-data-components/src/components/LargeFileDialog/index.tsx","statementMap":{"0":{"start":{"line":9,"column":24},"end":{"line":48,"column":1}},"1":{"start":{"line":10,"column":36},"end":{"line":10,"column":51}},"2":{"start":{"line":11,"column":26},"end":{"line":11,"column":31}},"3":{"start":{"line":12,"column":2},"end":{"line":47,"column":4}},"4":{"start":{"line":14,"column":47},"end":{"line":14,"column":65}},"5":{"start":{"line":19,"column":24},"end":{"line":19,"column":43}},"6":{"start":{"line":27,"column":55},"end":{"line":27,"column":74}}},"fnMap":{"0":{"name":"(anonymous_0)","decl":{"start":{"line":9,"column":24},"end":{"line":9,"column":25}},"loc":{"start":{"line":9,"column":57},"end":{"line":48,"column":1}},"line":9},"1":{"name":"(anonymous_1)","decl":{"start":{"line":14,"column":41},"end":{"line":14,"column":42}},"loc":{"start":{"line":14,"column":47},"end":{"line":14,"column":65}},"line":14},"2":{"name":"(anonymous_2)","decl":{"start":{"line":19,"column":18},"end":{"line":19,"column":19}},"loc":{"start":{"line":19,"column":24},"end":{"line":19,"column":43}},"line":19},"3":{"name":"(anonymous_3)","decl":{"start":{"line":27,"column":49},"end":{"line":27,"column":50}},"loc":{"start":{"line":27,"column":55},"end":{"line":27,"column":74}},"line":27}},"branchMap":{"0":{"loc":{"start":{"line":17,"column":7},"end":{"line":45,"column":7}},"type":"binary-expr","locations":[{"start":{"line":17,"column":7},"end":{"line":17,"column":16}},{"start":{"line":18,"column":8},"end":{"line":44,"column":17}}],"line":17}},"s":{"0":3,"1":4,"2":4,"3":4,"4":1,"5":1,"6":0},"f":{"0":4,"1":1,"2":1,"3":0},"b":{"0":[4,1]},"_coverageSchema":"1a1c01bbd47fc00a2c39e90264f33305004495a9","hash":"79356860ab797da756c83bcb21d23ddce0884fe7"}
,"/home/daniel/Sites/GetDKAN/cmsds-open-data-components/src/components/LargeFileInfo/index.tsx": {"path":"/home/daniel/Sites/GetDKAN/cmsds-open-data-components/src/components/LargeFileInfo/index.tsx","statementMap":{"0":{"start":{"line":7,"column":22},"end":{"line":24,"column":1}},"1":{"start":{"line":8,"column":2},"end":{"line":23,"column":8}}},"fnMap":{"0":{"name":"(anonymous_0)","decl":{"start":{"line":7,"column":22},"end":{"line":7,"column":23}},"loc":{"start":{"line":8,"column":2},"end":{"line":23,"column":8}},"line":8}},"branchMap":{},"s":{"0":1,"1":0},"f":{"0":0},"b":{},"_coverageSchema":"1a1c01bbd47fc00a2c39e90264f33305004495a9","hash":"c2abc549bf120874aa0521ef5e1c35136901550c"}
,"/home/daniel/Sites/GetDKAN/cmsds-open-data-components/src/components/MobileHeader/MobileHeader.jsx": {"path":"/home/daniel/Sites/GetDKAN/cmsds-open-data-components/src/components/MobileHeader/MobileHeader.jsx","statementMap":{"0":{"start":{"line":11,"column":32},"end":{"line":11,"column":58}},"1":{"start":{"line":12,"column":21},"end":{"line":222,"column":1}},"2":{"start":{"line":23,"column":60},"end":{"line":23,"column":63}},"3":{"start":{"line":25,"column":34},"end":{"line":25,"column":49}},"4":{"start":{"line":26,"column":17},"end":{"line":26,"column":62}},"5":{"start":{"line":27,"column":17},"end":{"line":27,"column":65}},"6":{"start":{"line":28,"column":15},"end":{"line":28,"column":27}},"7":{"start":{"line":29,"column":2},"end":{"line":85,"column":17}},"8":{"start":{"line":31,"column":22},"end":{"line":45,"column":5}},"9":{"start":{"line":32,"column":27},"end":{"line":32,"column":79}},"10":{"start":{"line":33,"column":22},"end":{"line":33,"column":37}},"11":{"start":{"line":34,"column":21},"end":{"line":34,"column":58}},"12":{"start":{"line":36,"column":6},"end":{"line":44,"column":7}},"13":{"start":{"line":37,"column":8},"end":{"line":43,"column":9}},"14":{"start":{"line":38,"column":10},"end":{"line":38,"column":25}},"15":{"start":{"line":39,"column":10},"end":{"line":39,"column":33}},"16":{"start":{"line":40,"column":15},"end":{"line":43,"column":9}},"17":{"start":{"line":41,"column":10},"end":{"line":41,"column":26}},"18":{"start":{"line":42,"column":10},"end":{"line":42,"column":33}},"19":{"start":{"line":48,"column":6},"end":{"line":48,"column":28}},"20":{"start":{"line":48,"column":21},"end":{"line":48,"column":28}},"21":{"start":{"line":49,"column":31},"end":{"line":49,"column":86}},"22":{"start":{"line":50,"column":6},"end":{"line":50,"column":35}},"23":{"start":{"line":50,"column":29},"end":{"line":50,"column":35}},"24":{"start":{"line":52,"column":35},"end":{"line":52,"column":145}},"25":{"start":{"line":53,"column":6},"end":{"line":53,"column":40}},"26":{"start":{"line":53,"column":33},"end":{"line":53,"column":40}},"27":{"start":{"line":54,"column":6},"end":{"line":54,"column":35}},"28":{"start":{"line":59,"column":6},"end":{"line":63,"column":7}},"29":{"start":{"line":62,"column":8},"end":{"line":62,"column":27}},"30":{"start":{"line":68,"column":6},"end":{"line":70,"column":7}},"31":{"start":{"line":69,"column":8},"end":{"line":69,"column":27}},"32":{"start":{"line":73,"column":4},"end":{"line":73,"column":56}},"33":{"start":{"line":74,"column":4},"end":{"line":74,"column":56}},"34":{"start":{"line":75,"column":4},"end":{"line":75,"column":20}},"35":{"start":{"line":76,"column":4},"end":{"line":76,"column":84}},"36":{"start":{"line":76,"column":54},"end":{"line":76,"column":82}},"37":{"start":{"line":78,"column":4},"end":{"line":84,"column":6}},"38":{"start":{"line":79,"column":6},"end":{"line":79,"column":61}},"39":{"start":{"line":80,"column":6},"end":{"line":80,"column":61}},"40":{"start":{"line":81,"column":6},"end":{"line":83,"column":7}},"41":{"start":{"line":82,"column":8},"end":{"line":82,"column":63}},"42":{"start":{"line":87,"column":31},"end":{"line":102,"column":3}},"43":{"start":{"line":88,"column":25},"end":{"line":90,"column":7}},"44":{"start":{"line":92,"column":29},"end":{"line":94,"column":6}},"45":{"start":{"line":93,"column":6},"end":{"line":93,"column":55}},"46":{"start":{"line":96,"column":4},"end":{"line":101,"column":6}},"47":{"start":{"line":104,"column":32},"end":{"line":107,"column":3}},"48":{"start":{"line":105,"column":4},"end":{"line":106,"column":25}},"49":{"start":{"line":106,"column":6},"end":{"line":106,"column":25}},"50":{"start":{"line":109,"column":2},"end":{"line":221,"column":4}},"51":{"start":{"line":144,"column":25},"end":{"line":144,"column":42}},"52":{"start":{"line":160,"column":18},"end":{"line":160,"column":37}},"53":{"start":{"line":178,"column":27},"end":{"line":178,"column":45}},"54":{"start":{"line":189,"column":20},"end":{"line":189,"column":39}},"55":{"start":{"line":224,"column":0},"end":{"line":235,"column":2}}},"fnMap":{"0":{"name":"(anonymous_0)","decl":{"start":{"line":12,"column":21},"end":{"line":12,"column":22}},"loc":{"start":{"line":22,"column":6},"end":{"line":222,"column":1}},"line":22},"1":{"name":"(anonymous_1)","decl":{"start":{"line":29,"column":12},"end":{"line":29,"column":13}},"loc":{"start":{"line":29,"column":18},"end":{"line":85,"column":3}},"line":29},"2":{"name":"(anonymous_2)","decl":{"start":{"line":31,"column":22},"end":{"line":31,"column":23}},"loc":{"start":{"line":31,"column":44},"end":{"line":45,"column":5}},"line":31},"3":{"name":"handleFocusIn","decl":{"start":{"line":47,"column":13},"end":{"line":47,"column":26}},"loc":{"start":{"line":47,"column":33},"end":{"line":55,"column":5}},"line":47},"4":{"name":"handleClick","decl":{"start":{"line":57,"column":13},"end":{"line":57,"column":24}},"loc":{"start":{"line":57,"column":32},"end":{"line":64,"column":5}},"line":57},"5":{"name":"handleMenuClose","decl":{"start":{"line":66,"column":13},"end":{"line":66,"column":28}},"loc":{"start":{"line":66,"column":36},"end":{"line":71,"column":5}},"line":66},"6":{"name":"(anonymous_6)","decl":{"start":{"line":76,"column":45},"end":{"line":76,"column":46}},"loc":{"start":{"line":76,"column":54},"end":{"line":76,"column":82}},"line":76},"7":{"name":"(anonymous_7)","decl":{"start":{"line":78,"column":11},"end":{"line":78,"column":12}},"loc":{"start":{"line":78,"column":17},"end":{"line":84,"column":5}},"line":78},"8":{"name":"(anonymous_8)","decl":{"start":{"line":87,"column":31},"end":{"line":87,"column":32}},"loc":{"start":{"line":87,"column":46},"end":{"line":102,"column":3}},"line":87},"9":{"name":"(anonymous_9)","decl":{"start":{"line":92,"column":61},"end":{"line":92,"column":62}},"loc":{"start":{"line":92,"column":69},"end":{"line":94,"column":5}},"line":92},"10":{"name":"(anonymous_10)","decl":{"start":{"line":104,"column":32},"end":{"line":104,"column":33}},"loc":{"start":{"line":104,"column":39},"end":{"line":107,"column":3}},"line":104},"11":{"name":"(anonymous_11)","decl":{"start":{"line":144,"column":19},"end":{"line":144,"column":20}},"loc":{"start":{"line":144,"column":25},"end":{"line":144,"column":42}},"line":144},"12":{"name":"(anonymous_12)","decl":{"start":{"line":159,"column":28},"end":{"line":159,"column":29}},"loc":{"start":{"line":159,"column":35},"end":{"line":161,"column":17}},"line":159},"13":{"name":"(anonymous_13)","decl":{"start":{"line":178,"column":21},"end":{"line":178,"column":22}},"loc":{"start":{"line":178,"column":27},"end":{"line":178,"column":45}},"line":178},"14":{"name":"(anonymous_14)","decl":{"start":{"line":188,"column":30},"end":{"line":188,"column":31}},"loc":{"start":{"line":188,"column":37},"end":{"line":190,"column":19}},"line":188}},"branchMap":{"0":{"loc":{"start":{"line":17,"column":2},"end":{"line":17,"column":22}},"type":"default-arg","locations":[{"start":{"line":17,"column":17},"end":{"line":17,"column":22}}],"line":17},"1":{"loc":{"start":{"line":36,"column":6},"end":{"line":44,"column":7}},"type":"if","locations":[{"start":{"line":36,"column":6},"end":{"line":44,"column":7}},{"start":{},"end":{}}],"line":36},"2":{"loc":{"start":{"line":37,"column":8},"end":{"line":43,"column":9}},"type":"if","locations":[{"start":{"line":37,"column":8},"end":{"line":43,"column":9}},{"start":{"line":40,"column":15},"end":{"line":43,"column":9}}],"line":37},"3":{"loc":{"start":{"line":37,"column":12},"end":{"line":37,"column":64}},"type":"binary-expr","locations":[{"start":{"line":37,"column":12},"end":{"line":37,"column":26}},{"start":{"line":37,"column":30},"end":{"line":37,"column":64}}],"line":37},"4":{"loc":{"start":{"line":40,"column":15},"end":{"line":43,"column":9}},"type":"if","locations":[{"start":{"line":40,"column":15},"end":{"line":43,"column":9}},{"start":{},"end":{}}],"line":40},"5":{"loc":{"start":{"line":40,"column":19},"end":{"line":40,"column":71}},"type":"binary-expr","locations":[{"start":{"line":40,"column":19},"end":{"line":40,"column":34}},{"start":{"line":40,"column":38},"end":{"line":40,"column":71}}],"line":40},"6":{"loc":{"start":{"line":48,"column":6},"end":{"line":48,"column":28}},"type":"if","locations":[{"start":{"line":48,"column":6},"end":{"line":48,"column":28}},{"start":{},"end":{}}],"line":48},"7":{"loc":{"start":{"line":50,"column":6},"end":{"line":50,"column":35}},"type":"if","locations":[{"start":{"line":50,"column":6},"end":{"line":50,"column":35}},{"start":{},"end":{}}],"line":50},"8":{"loc":{"start":{"line":53,"column":6},"end":{"line":53,"column":40}},"type":"if","locations":[{"start":{"line":53,"column":6},"end":{"line":53,"column":40}},{"start":{},"end":{}}],"line":53},"9":{"loc":{"start":{"line":59,"column":6},"end":{"line":63,"column":7}},"type":"if","locations":[{"start":{"line":59,"column":6},"end":{"line":63,"column":7}},{"start":{},"end":{}}],"line":59},"10":{"loc":{"start":{"line":68,"column":6},"end":{"line":70,"column":7}},"type":"if","locations":[{"start":{"line":68,"column":6},"end":{"line":70,"column":7}},{"start":{},"end":{}}],"line":68},"11":{"loc":{"start":{"line":68,"column":10},"end":{"line":68,"column":42}},"type":"binary-expr","locations":[{"start":{"line":68,"column":10},"end":{"line":68,"column":30}},{"start":{"line":68,"column":34},"end":{"line":68,"column":42}}],"line":68},"12":{"loc":{"start":{"line":81,"column":6},"end":{"line":83,"column":7}},"type":"if","locations":[{"start":{"line":81,"column":6},"end":{"line":83,"column":7}},{"start":{},"end":{}}],"line":81},"13":{"loc":{"start":{"line":93,"column":13},"end":{"line":93,"column":54}},"type":"binary-expr","locations":[{"start":{"line":93,"column":13},"end":{"line":93,"column":31}},{"start":{"line":93,"column":35},"end":{"line":93,"column":54}}],"line":93},"14":{"loc":{"start":{"line":105,"column":4},"end":{"line":106,"column":25}},"type":"if","locations":[{"start":{"line":105,"column":4},"end":{"line":106,"column":25}},{"start":{},"end":{}}],"line":105},"15":{"loc":{"start":{"line":111,"column":51},"end":{"line":111,"column":78}},"type":"cond-expr","locations":[{"start":{"line":111,"column":62},"end":{"line":111,"column":73}},{"start":{"line":111,"column":76},"end":{"line":111,"column":78}}],"line":111},"16":{"loc":{"start":{"line":114,"column":7},"end":{"line":137,"column":7}},"type":"binary-expr","locations":[{"start":{"line":114,"column":7},"end":{"line":114,"column":20}},{"start":{"line":115,"column":8},"end":{"line":136,"column":14}}],"line":114},"17":{"loc":{"start":{"line":117,"column":12},"end":{"line":117,"column":85}},"type":"cond-expr","locations":[{"start":{"line":117,"column":21},"end":{"line":117,"column":51}},{"start":{"line":117,"column":54},"end":{"line":117,"column":85}}],"line":117},"18":{"loc":{"start":{"line":122,"column":24},"end":{"line":122,"column":53}},"type":"cond-expr","locations":[{"start":{"line":122,"column":35},"end":{"line":122,"column":46}},{"start":{"line":122,"column":49},"end":{"line":122,"column":53}}],"line":122},"19":{"loc":{"start":{"line":126,"column":11},"end":{"line":135,"column":11}},"type":"binary-expr","locations":[{"start":{"line":126,"column":11},"end":{"line":126,"column":17}},{"start":{"line":127,"column":12},"end":{"line":134,"column":18}}],"line":126},"20":{"loc":{"start":{"line":146,"column":11},"end":{"line":146,"column":92}},"type":"cond-expr","locations":[{"start":{"line":146,"column":20},"end":{"line":146,"column":80}},{"start":{"line":146,"column":83},"end":{"line":146,"column":92}}],"line":146},"21":{"loc":{"start":{"line":153,"column":9},"end":{"line":169,"column":9}},"type":"binary-expr","locations":[{"start":{"line":153,"column":9},"end":{"line":153,"column":22}},{"start":{"line":154,"column":10},"end":{"line":168,"column":16}}],"line":153},"22":{"loc":{"start":{"line":155,"column":13},"end":{"line":167,"column":13}},"type":"cond-expr","locations":[{"start":{"line":156,"column":14},"end":{"line":156,"column":26}},{"start":{"line":158,"column":14},"end":{"line":166,"column":16}}],"line":155},"23":{"loc":{"start":{"line":182,"column":11},"end":{"line":196,"column":11}},"type":"binary-expr","locations":[{"start":{"line":182,"column":11},"end":{"line":182,"column":17}},{"start":{"line":182,"column":21},"end":{"line":182,"column":34}},{"start":{"line":183,"column":12},"end":{"line":195,"column":18}}],"line":182},"24":{"loc":{"start":{"line":184,"column":15},"end":{"line":194,"column":15}},"type":"cond-expr","locations":[{"start":{"line":185,"column":16},"end":{"line":185,"column":28}},{"start":{"line":187,"column":16},"end":{"line":193,"column":18}}],"line":184},"25":{"loc":{"start":{"line":207,"column":9},"end":{"line":218,"column":9}},"type":"binary-expr","locations":[{"start":{"line":207,"column":9},"end":{"line":207,"column":15}},{"start":{"line":208,"column":10},"end":{"line":217,"column":16}}],"line":207}},"s":{"0":1,"1":1,"2":3,"3":3,"4":3,"5":3,"6":3,"7":3,"8":2,"9":2,"10":2,"11":2,"12":2,"13":2,"14":0,"15":0,"16":2,"17":0,"18":0,"19":2,"20":1,"21":1,"22":1,"23":0,"24":1,"25":1,"26":0,"27":1,"28":0,"29":0,"30":0,"31":0,"32":2,"33":2,"34":2,"35":2,"36":2,"37":2,"38":2,"39":2,"40":2,"41":1,"42":3,"43":2,"44":2,"45":8,"46":2,"47":3,"48":0,"49":0,"50":3,"51":1,"52":0,"53":0,"54":0,"55":1},"f":{"0":3,"1":2,"2":2,"3":2,"4":0,"5":0,"6":2,"7":2,"8":2,"9":8,"10":0,"11":1,"12":0,"13":0,"14":0},"b":{"0":[3],"1":[2,0],"2":[0,2],"3":[2,0],"4":[0,2],"5":[2,2],"6":[1,1],"7":[0,1],"8":[0,1],"9":[0,0],"10":[0,0],"11":[0,0],"12":[1,1],"13":[8,8],"14":[0,0],"15":[2,1],"16":[3,3],"17":[0,3],"18":[2,1],"19":[3,0],"20":[0,3],"21":[3,3],"22":[0,3],"23":[3,0,0],"24":[0,0],"25":[3,0]},"_coverageSchema":"1a1c01bbd47fc00a2c39e90264f33305004495a9","hash":"662a8985bc76dae85fa49d5932b0b3e7a6dc07f9"}
,"/home/daniel/Sites/GetDKAN/cmsds-open-data-components/src/components/MobileHeader/index.jsx": {"path":"/home/daniel/Sites/GetDKAN/cmsds-open-data-components/src/components/MobileHeader/index.jsx","statementMap":{},"fnMap":{},"branchMap":{},"s":{},"f":{},"b":{},"_coverageSchema":"1a1c01bbd47fc00a2c39e90264f33305004495a9","hash":"5fe484a14c7bff1c66fd8a6851098626420340a3"}
,"/home/daniel/Sites/GetDKAN/cmsds-open-data-components/src/components/NavBar/Navbar.tsx": {"path":"/home/daniel/Sites/GetDKAN/cmsds-open-data-components/src/components/NavBar/Navbar.tsx","statementMap":{"0":{"start":{"line":6,"column":15},"end":{"line":29,"column":1}},"1":{"start":{"line":7,"column":2},"end":{"line":28,"column":4}},"2":{"start":{"line":14,"column":10},"end":{"line":24,"column":11}},"3":{"start":{"line":15,"column":12},"end":{"line":17,"column":14}},"4":{"start":{"line":19,"column":12},"end":{"line":23,"column":14}},"5":{"start":{"line":31,"column":0},"end":{"line":33,"column":2}}},"fnMap":{"0":{"name":"(anonymous_0)","decl":{"start":{"line":6,"column":15},"end":{"line":6,"column":16}},"loc":{"start":{"line":6,"column":112},"end":{"line":29,"column":1}},"line":6},"1":{"name":"(anonymous_1)","decl":{"start":{"line":13,"column":19},"end":{"line":13,"column":20}},"loc":{"start":{"line":13,"column":29},"end":{"line":25,"column":9}},"line":13}},"branchMap":{"0":{"loc":{"start":{"line":14,"column":10},"end":{"line":24,"column":11}},"type":"if","locations":[{"start":{"line":14,"column":10},"end":{"line":24,"column":11}},{"start":{"line":18,"column":17},"end":{"line":24,"column":11}}],"line":14}},"s":{"0":1,"1":2,"2":6,"3":0,"4":6,"5":1},"f":{"0":2,"1":6},"b":{"0":[0,6]},"_coverageSchema":"1a1c01bbd47fc00a2c39e90264f33305004495a9","hash":"2a8450bf682befde5ae46d1d6bc4fd78a6bebad4"}
,"/home/daniel/Sites/GetDKAN/cmsds-open-data-components/src/components/NavLink/index.tsx": {"path":"/home/daniel/Sites/GetDKAN/cmsds-open-data-components/src/components/NavLink/index.tsx","statementMap":{"0":{"start":{"line":16,"column":16},"end":{"line":29,"column":1}},"1":{"start":{"line":17,"column":20},"end":{"line":17,"column":70}},"2":{"start":{"line":19,"column":4},"end":{"line":27,"column":6}},"3":{"start":{"line":21,"column":38},"end":{"line":21,"column":97}},"4":{"start":{"line":31,"column":0},"end":{"line":34,"column":2}},"5":{"start":{"line":36,"column":0},"end":{"line":47,"column":2}}},"fnMap":{"0":{"name":"(anonymous_0)","decl":{"start":{"line":16,"column":16},"end":{"line":16,"column":17}},"loc":{"start":{"line":16,"column":85},"end":{"line":29,"column":1}},"line":16},"1":{"name":"(anonymous_1)","decl":{"start":{"line":21,"column":19},"end":{"line":21,"column":20}},"loc":{"start":{"line":21,"column":38},"end":{"line":21,"column":97}},"line":21}},"branchMap":{"0":{"loc":{"start":{"line":17,"column":20},"end":{"line":17,"column":70}},"type":"cond-expr","locations":[{"start":{"line":17,"column":32},"end":{"line":17,"column":57}},{"start":{"line":17,"column":60},"end":{"line":17,"column":70}}],"line":17},"1":{"loc":{"start":{"line":21,"column":38},"end":{"line":21,"column":97}},"type":"cond-expr","locations":[{"start":{"line":21,"column":49},"end":{"line":21,"column":80}},{"start":{"line":21,"column":83},"end":{"line":21,"column":97}}],"line":21},"2":{"loc":{"start":{"line":23,"column":17},"end":{"line":23,"column":77}},"type":"cond-expr","locations":[{"start":{"line":23,"column":32},"end":{"line":23,"column":65}},{"start":{"line":23,"column":68},"end":{"line":23,"column":77}}],"line":23}},"s":{"0":2,"1":8,"2":8,"3":8,"4":2,"5":2},"f":{"0":8,"1":8},"b":{"0":[6,2],"1":[0,8],"2":[6,2]},"_coverageSchema":"1a1c01bbd47fc00a2c39e90264f33305004495a9","hash":"0c9b2810580efd116489d9d983c72540c354ff6b"}
,"/home/daniel/Sites/GetDKAN/cmsds-open-data-components/src/components/PageHeader/index.tsx": {"path":"/home/daniel/Sites/GetDKAN/cmsds-open-data-components/src/components/PageHeader/index.tsx","statementMap":{"0":{"start":{"line":6,"column":19},"end":{"line":21,"column":1}},"1":{"start":{"line":7,"column":25},"end":{"line":7,"column":30}},"2":{"start":{"line":8,"column":2},"end":{"line":20,"column":4}}},"fnMap":{"0":{"name":"(anonymous_0)","decl":{"start":{"line":6,"column":19},"end":{"line":6,"column":20}},"loc":{"start":{"line":6,"column":47},"end":{"line":21,"column":1}},"line":6}},"branchMap":{},"s":{"0":1,"1":6,"2":6},"f":{"0":6},"b":{},"_coverageSchema":"1a1c01bbd47fc00a2c39e90264f33305004495a9","hash":"d33704a2d1ff848e409399f3803e2e894009eb48"}
,"/home/daniel/Sites/GetDKAN/cmsds-open-data-components/src/components/QueryBuilder/index.tsx": {"path":"/home/daniel/Sites/GetDKAN/cmsds-open-data-components/src/components/QueryBuilder/index.tsx","statementMap":{"0":{"start":{"line":22,"column":13},"end":{"line":22,"column":22}},"1":{"start":{"line":23,"column":2},"end":{"line":23,"column":18}},"2":{"start":{"line":24,"column":2},"end":{"line":29,"column":3}},"3":{"start":{"line":25,"column":4},"end":{"line":27,"column":5}},"4":{"start":{"line":26,"column":6},"end":{"line":26,"column":37}},"5":{"start":{"line":28,"column":4},"end":{"line":28,"column":57}},"6":{"start":{"line":30,"column":2},"end":{"line":36,"column":3}},"7":{"start":{"line":31,"column":4},"end":{"line":33,"column":5}},"8":{"start":{"line":32,"column":6},"end":{"line":32,"column":37}},"9":{"start":{"line":34,"column":25},"end":{"line":34,"column":64}},"10":{"start":{"line":35,"column":4},"end":{"line":35,"column":37}},"11":{"start":{"line":37,"column":2},"end":{"line":41,"column":3}},"12":{"start":{"line":38,"column":4},"end":{"line":40,"column":5}},"13":{"start":{"line":39,"column":6},"end":{"line":39,"column":41}},"14":{"start":{"line":42,"column":2},"end":{"line":44,"column":3}},"15":{"start":{"line":43,"column":4},"end":{"line":43,"column":78}},"16":{"start":{"line":43,"column":39},"end":{"line":43,"column":76}},"17":{"start":{"line":45,"column":2},"end":{"line":45,"column":14}},"18":{"start":{"line":48,"column":21},"end":{"line":210,"column":1}},"19":{"start":{"line":49,"column":63},"end":{"line":49,"column":68}},"20":{"start":{"line":50,"column":48},"end":{"line":50,"column":56}},"21":{"start":{"line":51,"column":17},"end":{"line":51,"column":47}},"22":{"start":{"line":53,"column":52},"end":{"line":53,"column":67}},"23":{"start":{"line":54,"column":48},"end":{"line":54,"column":82}},"24":{"start":{"line":55,"column":48},"end":{"line":55,"column":82}},"25":{"start":{"line":56,"column":52},"end":{"line":56,"column":67}},"26":{"start":{"line":58,"column":16},"end":{"line":58,"column":61}},"27":{"start":{"line":60,"column":23},"end":{"line":78,"column":3}},"28":{"start":{"line":61,"column":4},"end":{"line":77,"column":5}},"29":{"start":{"line":62,"column":30},"end":{"line":65,"column":9}},"30":{"start":{"line":62,"column":53},"end":{"line":65,"column":7}},"31":{"start":{"line":66,"column":6},"end":{"line":66,"column":42}},"32":{"start":{"line":68,"column":6},"end":{"line":76,"column":9}},"33":{"start":{"line":80,"column":2},"end":{"line":87,"column":9}},"34":{"start":{"line":81,"column":4},"end":{"line":85,"column":5}},"35":{"start":{"line":82,"column":6},"end":{"line":82,"column":31}},"36":{"start":{"line":84,"column":6},"end":{"line":84,"column":25}},"37":{"start":{"line":86,"column":4},"end":{"line":86,"column":35}},"38":{"start":{"line":88,"column":2},"end":{"line":93,"column":26}},"39":{"start":{"line":89,"column":4},"end":{"line":92,"column":5}},"40":{"start":{"line":90,"column":6},"end":{"line":90,"column":44}},"41":{"start":{"line":91,"column":6},"end":{"line":91,"column":34}},"42":{"start":{"line":95,"column":26},"end":{"line":100,"column":4}},"43":{"start":{"line":96,"column":4},"end":{"line":98,"column":5}},"44":{"start":{"line":97,"column":6},"end":{"line":97,"column":67}},"45":{"start":{"line":99,"column":4},"end":{"line":99,"column":34}},"46":{"start":{"line":102,"column":27},"end":{"line":126,"column":3}},"47":{"start":{"line":103,"column":4},"end":{"line":103,"column":23}},"48":{"start":{"line":104,"column":29},"end":{"line":114,"column":8}},"49":{"start":{"line":106,"column":8},"end":{"line":108,"column":9}},"50":{"start":{"line":107,"column":10},"end":{"line":107,"column":20}},"51":{"start":{"line":109,"column":8},"end":{"line":109,"column":21}},"52":{"start":{"line":112,"column":19},"end":{"line":112,"column":40}},"53":{"start":{"line":113,"column":8},"end":{"line":113,"column":45}},"54":{"start":{"line":115,"column":4},"end":{"line":115,"column":36}},"55":{"start":{"line":116,"column":4},"end":{"line":116,"column":75}},"56":{"start":{"line":116,"column":51},"end":{"line":116,"column":72}},"57":{"start":{"line":117,"column":4},"end":{"line":117,"column":32}},"58":{"start":{"line":118,"column":4},"end":{"line":125,"column":5}},"59":{"start":{"line":119,"column":18},"end":{"line":119,"column":47}},"60":{"start":{"line":120,"column":24},"end":{"line":123,"column":7}},"61":{"start":{"line":124,"column":6},"end":{"line":124,"column":83}},"62":{"start":{"line":128,"column":26},"end":{"line":133,"column":3}},"63":{"start":{"line":129,"column":24},"end":{"line":129,"column":44}},"64":{"start":{"line":130,"column":4},"end":{"line":130,"column":38}},"65":{"start":{"line":131,"column":4},"end":{"line":131,"column":38}},"66":{"start":{"line":132,"column":4},"end":{"line":132,"column":31}},"67":{"start":{"line":135,"column":26},"end":{"line":141,"column":3}},"68":{"start":{"line":136,"column":24},"end":{"line":136,"column":74}},"69":{"start":{"line":136,"column":52},"end":{"line":136,"column":73}},"70":{"start":{"line":137,"column":4},"end":{"line":137,"column":35}},"71":{"start":{"line":138,"column":4},"end":{"line":138,"column":38}},"72":{"start":{"line":139,"column":4},"end":{"line":139,"column":31}},"73":{"start":{"line":140,"column":4},"end":{"line":140,"column":31}},"74":{"start":{"line":143,"column":2},"end":{"line":209,"column":4}},"75":{"start":{"line":156,"column":33},"end":{"line":156,"column":59}},"76":{"start":{"line":159,"column":16},"end":{"line":168,"column":18}},"77":{"start":{"line":176,"column":33},"end":{"line":176,"column":51}},"78":{"start":{"line":196,"column":20},"end":{"line":196,"column":43}},"79":{"start":{"line":197,"column":20},"end":{"line":197,"column":43}},"80":{"start":{"line":198,"column":20},"end":{"line":198,"column":47}},"81":{"start":{"line":212,"column":0},"end":{"line":214,"column":2}}},"fnMap":{"0":{"name":"updateQueryForDatastore","decl":{"start":{"line":21,"column":9},"end":{"line":21,"column":32}},"loc":{"start":{"line":21,"column":59},"end":{"line":46,"column":1}},"line":21},"1":{"name":"(anonymous_1)","decl":{"start":{"line":43,"column":32},"end":{"line":43,"column":33}},"loc":{"start":{"line":43,"column":39},"end":{"line":43,"column":76}},"line":43},"2":{"name":"(anonymous_2)","decl":{"start":{"line":48,"column":21},"end":{"line":48,"column":22}},"loc":{"start":{"line":48,"column":55},"end":{"line":210,"column":1}},"line":48},"3":{"name":"(anonymous_3)","decl":{"start":{"line":60,"column":23},"end":{"line":60,"column":24}},"loc":{"start":{"line":60,"column":83},"end":{"line":78,"column":3}},"line":60},"4":{"name":"(anonymous_4)","decl":{"start":{"line":62,"column":44},"end":{"line":62,"column":45}},"loc":{"start":{"line":62,"column":53},"end":{"line":65,"column":7}},"line":62},"5":{"name":"(anonymous_5)","decl":{"start":{"line":80,"column":18},"end":{"line":80,"column":19}},"loc":{"start":{"line":80,"column":24},"end":{"line":87,"column":3}},"line":80},"6":{"name":"(anonymous_6)","decl":{"start":{"line":88,"column":18},"end":{"line":88,"column":19}},"loc":{"start":{"line":88,"column":24},"end":{"line":93,"column":3}},"line":88},"7":{"name":"(anonymous_7)","decl":{"start":{"line":95,"column":37},"end":{"line":95,"column":38}},"loc":{"start":{"line":95,"column":44},"end":{"line":100,"column":3}},"line":95},"8":{"name":"(anonymous_8)","decl":{"start":{"line":102,"column":27},"end":{"line":102,"column":28}},"loc":{"start":{"line":102,"column":41},"end":{"line":126,"column":3}},"line":102},"9":{"name":"(anonymous_9)","decl":{"start":{"line":105,"column":14},"end":{"line":105,"column":15}},"loc":{"start":{"line":105,"column":37},"end":{"line":110,"column":7}},"line":105},"10":{"name":"(anonymous_10)","decl":{"start":{"line":111,"column":11},"end":{"line":111,"column":12}},"loc":{"start":{"line":111,"column":19},"end":{"line":114,"column":7}},"line":111},"11":{"name":"(anonymous_11)","decl":{"start":{"line":116,"column":43},"end":{"line":116,"column":44}},"loc":{"start":{"line":116,"column":51},"end":{"line":116,"column":72}},"line":116},"12":{"name":"(anonymous_12)","decl":{"start":{"line":128,"column":26},"end":{"line":128,"column":27}},"loc":{"start":{"line":128,"column":73},"end":{"line":133,"column":3}},"line":128},"13":{"name":"(anonymous_13)","decl":{"start":{"line":135,"column":26},"end":{"line":135,"column":27}},"loc":{"start":{"line":135,"column":45},"end":{"line":141,"column":3}},"line":135},"14":{"name":"(anonymous_14)","decl":{"start":{"line":136,"column":44},"end":{"line":136,"column":45}},"loc":{"start":{"line":136,"column":52},"end":{"line":136,"column":73}},"line":136},"15":{"name":"(anonymous_15)","decl":{"start":{"line":156,"column":26},"end":{"line":156,"column":27}},"loc":{"start":{"line":156,"column":33},"end":{"line":156,"column":59}},"line":156},"16":{"name":"(anonymous_16)","decl":{"start":{"line":158,"column":35},"end":{"line":158,"column":36}},"loc":{"start":{"line":159,"column":16},"end":{"line":168,"column":18}},"line":159},"17":{"name":"(anonymous_17)","decl":{"start":{"line":176,"column":27},"end":{"line":176,"column":28}},"loc":{"start":{"line":176,"column":33},"end":{"line":176,"column":51}},"line":176},"18":{"name":"(anonymous_18)","decl":{"start":{"line":195,"column":27},"end":{"line":195,"column":28}},"loc":{"start":{"line":195,"column":33},"end":{"line":199,"column":19}},"line":195}},"branchMap":{"0":{"loc":{"start":{"line":24,"column":2},"end":{"line":29,"column":3}},"type":"if","locations":[{"start":{"line":24,"column":2},"end":{"line":29,"column":3}},{"start":{},"end":{}}],"line":24},"1":{"loc":{"start":{"line":24,"colum
[...]
,"/home/daniel/Sites/GetDKAN/cmsds-open-data-components/src/templates/FilteredResource/QueryTitle.jsx": {"path":"/home/daniel/Sites/GetDKAN/cmsds-open-data-components/src/templates/FilteredResource/QueryTitle.jsx","statementMap":{"0":{"start":{"line":5,"column":19},"end":{"line":52,"column":1}},"1":{"start":{"line":6,"column":21},"end":{"line":6,"column":27}},"2":{"start":{"line":7,"column":27},"end":{"line":7,"column":46}},"3":{"start":{"line":8,"column":2},"end":{"line":10,"column":3}},"4":{"start":{"line":9,"column":4},"end":{"line":9,"column":71}},"5":{"start":{"line":13,"column":4},"end":{"line":22,"column":5}},"6":{"start":{"line":14,"column":21},"end":{"line":14,"column":25}},"7":{"start":{"line":15,"column":25},"end":{"line":15,"column":75}},"8":{"start":{"line":15,"column":51},"end":{"line":15,"column":74}},"9":{"start":{"line":16,"column":6},"end":{"line":18,"column":7}},"10":{"start":{"line":17,"column":8},"end":{"line":17,"column":50}},"11":{"start":{"line":19,"column":6},"end":{"line":19,"column":18}},"12":{"start":{"line":21,"column":6},"end":{"line":21,"column":18}},"13":{"start":{"line":25,"column":2},"end":{"line":51,"column":4}},"14":{"start":{"line":30,"column":24},"end":{"line":30,"column":42}},"15":{"start":{"line":31,"column":30},"end":{"line":31,"column":89}},"16":{"start":{"line":32,"column":27},"end":{"line":32,"column":80}},"17":{"start":{"line":32,"column":56},"end":{"line":32,"column":79}},"18":{"start":{"line":33,"column":30},"end":{"line":33,"column":48}},"19":{"start":{"line":34,"column":32},"end":{"line":34,"column":68}},"20":{"start":{"line":35,"column":10},"end":{"line":41,"column":12}},"21":{"start":{"line":43,"column":32},"end":{"line":49,"column":9}}},"fnMap":{"0":{"name":"(anonymous_0)","decl":{"start":{"line":5,"column":19},"end":{"line":5,"column":20}},"loc":{"start":{"line":5,"column":62},"end":{"line":52,"column":1}},"line":5},"1":{"name":"formatValue","decl":{"start":{"line":12,"column":11},"end":{"line":12,"column":22}},"loc":{"start":{"line":12,"column":39},"end":{"line":23,"column":3}},"line":12},"2":{"name":"(anonymous_2)","decl":{"start":{"line":15,"column":44},"end":{"line":15,"column":45}},"loc":{"start":{"line":15,"column":51},"end":{"line":15,"column":74}},"line":15},"3":{"name":"(anonymous_3)","decl":{"start":{"line":29,"column":13},"end":{"line":29,"column":14}},"loc":{"start":{"line":29,"column":20},"end":{"line":42,"column":9}},"line":29},"4":{"name":"(anonymous_4)","decl":{"start":{"line":32,"column":48},"end":{"line":32,"column":49}},"loc":{"start":{"line":32,"column":56},"end":{"line":32,"column":79}},"line":32},"5":{"name":"(anonymous_5)","decl":{"start":{"line":43,"column":16},"end":{"line":43,"column":17}},"loc":{"start":{"line":43,"column":32},"end":{"line":49,"column":9}},"line":43}},"branchMap":{"0":{"loc":{"start":{"line":8,"column":2},"end":{"line":10,"column":3}},"type":"if","locations":[{"start":{"line":8,"column":2},"end":{"line":10,"column":3}},{"start":{},"end":{}}],"line":8},"1":{"loc":{"start":{"line":8,"column":6},"end":{"line":8,"column":39}},"type":"binary-expr","locations":[{"start":{"line":8,"column":6},"end":{"line":8,"column":17}},{"start":{"line":8,"column":21},"end":{"line":8,"column":39}}],"line":8},"2":{"loc":{"start":{"line":13,"column":4},"end":{"line":22,"column":5}},"type":"if","locations":[{"start":{"line":13,"column":4},"end":{"line":22,"column":5}},{"start":{"line":20,"column":11},"end":{"line":22,"column":5}}],"line":13},"3":{"loc":{"start":{"line":13,"column":8},"end":{"line":13,"column":49}},"type":"binary-expr","locations":[{"start":{"line":13,"column":8},"end":{"line":13,"column":21}},{"start":{"line":13,"column":25},"end":{"line":13,"column":49}}],"line":13},"4":{"loc":{"start":{"line":16,"column":6},"end":{"line":18,"column":7}},"type":"if","locations":[{"start":{"line":16,"column":6},"end":{"line":18,"column":7}},{"start":{},"end":{}}],"line":16},"5":{"loc":{"start":{"line":16,"column":10},"end":{"line":16,"column":43}},"type":"binary-expr","locations":[{"start":{"line":16,"column":10},"end":{"line":16,"column":22}},{"start":{"line":16,"column":26},"end":{"line":16,"column":43}}],"line":16},"6":{"loc":{"start":{"line":31,"column":30},"end":{"line":31,"column":89}},"type":"cond-expr","locations":[{"start":{"line":31,"column":59},"end":{"line":31,"column":76}},{"start":{"line":31,"column":79},"end":{"line":31,"column":89}}],"line":31},"7":{"loc":{"start":{"line":31,"column":30},"end":{"line":31,"column":56}},"type":"binary-expr","locations":[{"start":{"line":31,"column":30},"end":{"line":31,"column":35}},{"start":{"line":31,"column":39},"end":{"line":31,"column":56}}],"line":31}},"s":{"0":2,"1":9,"2":9,"3":9,"4":8,"5":1,"6":0,"7":0,"8":0,"9":0,"10":0,"11":0,"12":1,"13":1,"14":1,"15":1,"16":1,"17":1,"18":1,"19":1,"20":1,"21":0},"f":{"0":9,"1":1,"2":0,"3":1,"4":1,"5":0},"b":{"0":[8,1],"1":[9,9],"2":[0,1],"3":[1,0],"4":[0,0],"5":[0,0],"6":[1,0],"7":[1,1]},"_coverageSchema":"1a1c01bbd47fc00a2c39e90264f33305004495a9","hash":"71a54867dbb4e395bfd9a364160979ea5c0dcce1"}
,"/home/daniel/Sites/GetDKAN/cmsds-open-data-components/src/templates/FilteredResource/functions.js": {"path":"/home/daniel/Sites/GetDKAN/cmsds-open-data-components/src/templates/FilteredResource/functions.js","statementMap":{"0":{"start":{"line":8,"column":2},"end":{"line":29,"column":5}},"1":{"start":{"line":9,"column":32},"end":{"line":9,"column":95}},"2":{"start":{"line":9,"column":68},"end":{"line":9,"column":94}},"3":{"start":{"line":10,"column":30},"end":{"line":12,"column":5}},"4":{"start":{"line":11,"column":18},"end":{"line":11,"column":68}},"5":{"start":{"line":13,"column":20},"end":{"line":13,"column":22}},"6":{"start":{"line":15,"column":4},"end":{"line":27,"column":5}},"7":{"start":{"line":16,"column":6},"end":{"line":17,"column":97}},"8":{"start":{"line":18,"column":6},"end":{"line":18,"column":34}},"9":{"start":{"line":19,"column":6},"end":{"line":19,"column":63}},"10":{"start":{"line":21,"column":6},"end":{"line":22,"column":97}},"11":{"start":{"line":23,"column":6},"end":{"line":23,"column":34}},"12":{"start":{"line":24,"column":6},"end":{"line":26,"column":7}},"13":{"start":{"line":25,"column":8},"end":{"line":25,"column":63}},"14":{"start":{"line":28,"column":4},"end":{"line":28,"column":21}},"15":{"start":{"line":33,"column":2},"end":{"line":35,"column":3}},"16":{"start":{"line":34,"column":4},"end":{"line":34,"column":16}},"17":{"start":{"line":36,"column":2},"end":{"line":36,"column":24}},"18":{"start":{"line":37,"column":2},"end":{"line":37,"column":80}},"19":{"start":{"line":38,"column":2},"end":{"line":38,"column":14}},"20":{"start":{"line":42,"column":17},"end":{"line":42,"column":22}},"21":{"start":{"line":43,"column":2},"end":{"line":45,"column":3}},"22":{"start":{"line":44,"column":4},"end":{"line":44,"column":34}},"23":{"start":{"line":47,"column":2},"end":{"line":47,"column":17}},"24":{"start":{"line":50,"column":31},"end":{"line":60,"column":1}},"25":{"start":{"line":63,"column":2},"end":{"line":86,"column":3}},"26":{"start":{"line":66,"column":6},"end":{"line":72,"column":8}},"27":{"start":{"line":74,"column":6},"end":{"line":79,"column":8}},"28":{"start":{"line":82,"column":6},"end":{"line":85,"column":8}}},"fnMap":{"0":{"name":"buildCustomColHeaders","decl":{"start":{"line":7,"column":16},"end":{"line":7,"column":37}},"loc":{"start":{"line":7,"column":70},"end":{"line":30,"column":1}},"line":7},"1":{"name":"(anonymous_1)","decl":{"start":{"line":8,"column":21},"end":{"line":8,"column":22}},"loc":{"start":{"line":8,"column":33},"end":{"line":29,"column":3}},"line":8},"2":{"name":"(anonymous_2)","decl":{"start":{"line":9,"column":56},"end":{"line":9,"column":57}},"loc":{"start":{"line":9,"column":68},"end":{"line":9,"column":94}},"line":9},"3":{"name":"(anonymous_3)","decl":{"start":{"line":11,"column":6},"end":{"line":11,"column":7}},"loc":{"start":{"line":11,"column":18},"end":{"line":11,"column":68}},"line":11},"4":{"name":"convertUTCToLocalDate","decl":{"start":{"line":32,"column":16},"end":{"line":32,"column":37}},"loc":{"start":{"line":32,"column":44},"end":{"line":39,"column":1}},"line":32},"5":{"name":"cleanText","decl":{"start":{"line":41,"column":16},"end":{"line":41,"column":25}},"loc":{"start":{"line":41,"column":43},"end":{"line":48,"column":1}},"line":41},"6":{"name":"buildOperatorOptions","decl":{"start":{"line":62,"column":16},"end":{"line":62,"column":36}},"loc":{"start":{"line":62,"column":43},"end":{"line":87,"column":1}},"line":62}},"branchMap":{"0":{"loc":{"start":{"line":15,"column":4},"end":{"line":27,"column":5}},"type":"if","locations":[{"start":{"line":15,"column":4},"end":{"line":27,"column":5}},{"start":{"line":20,"column":11},"end":{"line":27,"column":5}}],"line":15},"1":{"loc":{"start":{"line":17,"column":8},"end":{"line":17,"column":96}},"type":"cond-expr","locations":[{"start":{"line":17,"column":54},"end":{"line":17,"column":87}},{"start":{"line":17,"column":90},"end":{"line":17,"column":96}}],"line":17},"2":{"loc":{"start":{"line":17,"column":8},"end":{"line":17,"column":51}},"type":"binary-expr","locations":[{"start":{"line":17,"column":8},"end":{"line":17,"column":14}},{"start":{"line":17,"column":18},"end":{"line":17,"column":51}}],"line":17},"3":{"loc":{"start":{"line":22,"column":8},"end":{"line":22,"column":96}},"type":"cond-expr","locations":[{"start":{"line":22,"column":54},"end":{"line":22,"column":87}},{"start":{"line":22,"column":90},"end":{"line":22,"column":96}}],"line":22},"4":{"loc":{"start":{"line":22,"column":8},"end":{"line":22,"column":51}},"type":"binary-expr","locations":[{"start":{"line":22,"column":8},"end":{"line":22,"column":14}},{"start":{"line":22,"column":18},"end":{"line":22,"column":51}}],"line":22},"5":{"loc":{"start":{"line":24,"column":6},"end":{"line":26,"column":7}},"type":"if","locations":[{"start":{"line":24,"column":6},"end":{"line":26,"column":7}},{"start":{},"end":{}}],"line":24},"6":{"loc":{"start":{"line":33,"column":2},"end":{"line":35,"column":3}},"type":"if","locations":[{"start":{"line":33,"column":2},"end":{"line":35,"column":3}},{"start":{},"end":{}}],"line":33},"7":{"loc":{"start":{"line":43,"column":2},"end":{"line":45,"column":3}},"type":"if","locations":[{"start":{"line":43,"column":2},"end":{"line":45,"column":3}},{"start":{},"end":{}}],"line":43},"8":{"loc":{"start":{"line":63,"column":2},"end":{"line":86,"column":3}},"type":"switch","locations":[{"start":{"line":64,"column":4},"end":{"line":64,"column":16}},{"start":{"line":65,"column":4},"end":{"line":72,"column":8}},{"start":{"line":73,"column":4},"end":{"line":79,"column":8}},{"start":{"line":80,"column":4},"end":{"line":85,"column":8}}],"line":63}},"s":{"0":1,"1":22,"2":0,"3":22,"4":0,"5":22,"6":22,"7":0,"8":0,"9":0,"10":22,"11":22,"12":22,"13":0,"14":22,"15":0,"16":0,"17":0,"18":0,"19":0,"20":8,"21":8,"22":0,"23":8,"24":2,"25":11,"26":11,"27":0,"28":0},"f":{"0":1,"1":22,"2":0,"3":0,"4":0,"5":8,"6":11},"b":{"0":[0,22],"1":[0,0],"2":[0,0],"3":[22,0],"4":[22,22],"5":[0,22],"6":[0,0],"7":[0,8],"8":[11,11,0,0]},"_coverageSchema":"1a1c01bbd47fc00a2c39e90264f33305004495a9","hash":"8c936d8d2b425676c7561ef11f7ff562652900dd"}
,"/home/daniel/Sites/GetDKAN/cmsds-open-data-components/src/templates/SpecsAndLimits/DocumentationTable.jsx": {"path":"/home/daniel/Sites/GetDKAN/cmsds-open-data-components/src/templates/SpecsAndLimits/DocumentationTable.jsx","statementMap":{"0":{"start":{"line":4,"column":27},"end":{"line":43,"column":1}},"1":{"start":{"line":5,"column":19},"end":{"line":5,"column":24}},"2":{"start":{"line":6,"column":2},"end":{"line":42,"column":4}},"3":{"start":{"line":24,"column":12},"end":{"line":37,"column":23}}},"fnMap":{"0":{"name":"(anonymous_0)","decl":{"start":{"line":4,"column":27},"end":{"line":4,"column":28}},"loc":{"start":{"line":4,"column":38},"end":{"line":43,"column":1}},"line":4},"1":{"name":"(anonymous_1)","decl":{"start":{"line":23,"column":20},"end":{"line":23,"column":21}},"loc":{"start":{"line":24,"column":12},"end":{"line":37,"column":23}},"line":24}},"branchMap":{},"s":{"0":1,"1":3,"2":3,"3":11},"f":{"0":3,"1":11},"b":{},"_coverageSchema":"1a1c01bbd47fc00a2c39e90264f33305004495a9","hash":"bd42060758758ec0bab4d8aa90f601af2d5b6037"}
,"/home/daniel/Sites/GetDKAN/cmsds-open-data-components/src/templates/SpecsAndLimits/documentationData.js": {"path":"/home/daniel/Sites/GetDKAN/cmsds-open-data-components/src/templates/SpecsAndLimits/documentationData.js","statementMap":{"0":{"start":{"line":1,"column":29},"end":{"line":42,"column":1}}},"fnMap":{},"branchMap":{},"s":{"0":1},"f":{},"b":{},"_coverageSchema":"1a1c01bbd47fc00a2c39e90264f33305004495a9","hash":"7d7c9b589fb29460847bf5612b0c27fa5958afa8"}
,"/home/daniel/Sites/GetDKAN/cmsds-open-data-components/src/templates/SpecsAndLimits/index.tsx": {"path":"/home/daniel/Sites/GetDKAN/cmsds-open-data-components/src/templates/SpecsAndLimits/index.tsx","statementMap":{"0":{"start":{"line":19,"column":23},"end":{"line":55,"column":2}},"1":{"start":{"line":20,"column":41},"end":{"line":20,"column":46}},"2":{"start":{"line":23,"column":4},"end":{"line":27,"column":8}},"3":{"start":{"line":30,"column":2},"end":{"line":55,"column":1}},"4":{"start":{"line":57,"column":0},"end":{"line":66,"column":2}}},"fnMap":{"0":{"name":"(anonymous_0)","decl":{"start":{"line":19,"column":23},"end":{"line":19,"column":24}},"loc":{"start":{"line":19,"column":74},"end":{"line":55,"column":2}},"line":19}},"branchMap":{"0":{"loc":{"start":{"line":35,"column":12},"end":{"line":35,"column":48}},"type":"cond-expr","locations":[{"start":{"line":35,"column":23},"end":{"line":35,"column":31}},{"start":{"line":35,"column":34},"end":{"line":35,"column":48}}],"line":35}},"s":{"0":1,"1":3,"2":3,"3":3,"4":1},"f":{"0":3},"b":{"0":[1,2]},"_coverageSchema":"1a1c01bbd47fc00a2c39e90264f33305004495a9","hash":"7612c57714b86652ba1e13410ad4143db0d2aecd"}
,"/home/daniel/Sites/GetDKAN/cmsds-open-data-components/src/utilities/format.ts": {"path":"/home/daniel/Sites/GetDKAN/cmsds-open-data-components/src/utilities/format.ts","statementMap":{"0":{"start":{"line":4,"column":2},"end":{"line":22,"column":3}},"1":{"start":{"line":5,"column":4},"end":{"line":7,"column":5}},"2":{"start":{"line":6,"column":6},"end":{"line":6,"column":44}},"3":{"start":{"line":8,"column":4},"end":{"line":13,"column":5}},"4":{"start":{"line":9,"column":24},"end":{"line":9,"column":54}},"5":{"start":{"line":10,"column":6},"end":{"line":12,"column":7}},"6":{"start":{"line":11,"column":8},"end":{"line":11,"column":42}},"7":{"start":{"line":14,"column":4},"end":{"line":21,"column":5}},"8":{"start":{"line":15,"column":6},"end":{"line":20,"column":7}},"9":{"start":{"line":16,"column":25},"end":{"line":16,"column":82}},"10":{"start":{"line":17,"column":8},"end":{"line":19,"column":9}},"11":{"start":{"line":18,"column":10},"end":{"line":18,"column":43}},"12":{"start":{"line":23,"column":2},"end":{"line":23,"column":12}}},"fnMap":{"0":{"name":"getFormatType","decl":{"start":{"line":3,"column":16},"end":{"line":3,"column":29}},"loc":{"start":{"line":3,"column":55},"end":{"line":24,"column":1}},"line":3}},"branchMap":{"0":{"loc":{"start":{"line":4,"column":2},"end":{"line":22,"column":3}},"type":"if","locations":[{"start":{"line":4,"column":2},"end":{"line":22,"column":3}},{"start":{},"end":{}}],"line":4},"1":{"loc":{"start":{"line":4,"column":6},"end":{"line":4,"column":23}},"type":"binary-expr","locations":[{"start":{"line":4,"column":6},"end":{"line":4,"column":10}},{"start":{"line":4,"column":14},"end":{"line":4,"column":23}}],"line":4},"2":{"loc":{"start":{"line":5,"column":4},"end":{"line":7,"column":5}},"type":"if","locations":[{"start":{"line":5,"column":4},"end":{"line":7,"column":5}},{"start":{},"end":{}}],"line":5},"3":{"loc":{"start":{"line":8,"column":4},"end":{"line":13,"column":5}},"type":"if","locations":[{"start":{"line":8,"column":4},"end":{"line":13,"column":5}},{"start":{},"end":{}}],"line":8},"4":{"loc":{"start":{"line":10,"column":6},"end":{"line":12,"column":7}},"type":"if","locations":[{"start":{"line":10,"column":6},"end":{"line":12,"column":7}},{"start":{},"end":{}}],"line":10},"5":{"loc":{"start":{"line":10,"column":10},"end":{"line":10,"column":42}},"type":"binary-expr","locations":[{"start":{"line":10,"column":10},"end":{"line":10,"column":26}},{"start":{"line":10,"column":30},"end":{"line":10,"column":42}}],"line":10},"6":{"loc":{"start":{"line":14,"column":4},"end":{"line":21,"column":5}},"type":"if","locations":[{"start":{"line":14,"column":4},"end":{"line":21,"column":5}},{"start":{},"end":{}}],"line":14},"7":{"loc":{"start":{"line":14,"column":7},"end":{"line":14,"column":84}},"type":"binary-expr","locations":[{"start":{"line":14,"column":7},"end":{"line":14,"column":43}},{"start":{"line":14,"column":47},"end":{"line":14,"column":84}}],"line":14},"8":{"loc":{"start":{"line":15,"column":6},"end":{"line":20,"column":7}},"type":"if","locations":[{"start":{"line":15,"column":6},"end":{"line":20,"column":7}},{"start":{},"end":{}}],"line":15},"9":{"loc":{"start":{"line":17,"column":8},"end":{"line":19,"column":9}},"type":"if","locations":[{"start":{"line":17,"column":8},"end":{"line":19,"column":9}},{"start":{},"end":{}}],"line":17},"10":{"loc":{"start":{"line":17,"column":12},"end":{"line":17,"column":42}},"type":"binary-expr","locations":[{"start":{"line":17,"column":12},"end":{"line":17,"column":27}},{"start":{"line":17,"column":31},"end":{"line":17,"column":42}}],"line":17}},"s":{"0":3,"1":3,"2":3,"3":0,"4":0,"5":0,"6":0,"7":0,"8":0,"9":0,"10":0,"11":0,"12":0},"f":{"0":3},"b":{"0":[3,0],"1":[3,3],"2":[3,0],"3":[0,0],"4":[0,0],"5":[0,0],"6":[0,0],"7":[0,0],"8":[0,0],"9":[0,0],"10":[0,0]},"_coverageSchema":"1a1c01bbd47fc00a2c39e90264f33305004495a9","hash":"cbd2fce54df9fdb3f366103acf9d0f83dcbd7ff1"}
,"/home/daniel/Sites/GetDKAN/cmsds-open-data-components/src/utilities/QueryProvider/QueryProvider.jsx": {"path":"/home/daniel/Sites/GetDKAN/cmsds-open-data-components/src/utilities/QueryProvider/QueryProvider.jsx","statementMap":{"0":{"start":{"line":4,"column":20},"end":{"line":4,"column":37}},"1":{"start":{"line":6,"column":26},"end":{"line":12,"column":1}},"2":{"start":{"line":6,"column":48},"end":{"line":12,"column":1}},"3":{"start":{"line":7,"column":2},"end":{"line":11,"column":3}}},"fnMap":{"0":{"name":"(anonymous_0)","decl":{"start":{"line":6,"column":26},"end":{"line":6,"column":27}},"loc":{"start":{"line":6,"column":48},"end":{"line":12,"column":1}},"line":6},"1":{"name":"(anonymous_1)","decl":{"start":{"line":6,"column":48},"end":{"line":6,"column":49}},"loc":{"start":{"line":6,"column":59},"end":{"line":12,"column":1}},"line":6}},"branchMap":{},"s":{"0":1,"1":1,"2":1,"3":3},"f":{"0":1,"1":3},"b":{},"_coverageSchema":"1a1c01bbd47fc00a2c39e90264f33305004495a9","hash":"16be20d0d35247e0eef8150b47eef74094bbdf00"}
}
