TN:
SF:src/assets/frequencyMap.js
FNF:0
FNH:0
DA:1,3
LF:1
LH:1
BRF:0
BRH:0
end_of_record
TN:
SF:src/assets/metadataMapping.jsx
FN:7,(anonymous_0)
FN:10,(anonymous_1)
FN:13,(anonymous_2)
FN:21,(anonymous_3)
FN:28,(anonymous_4)
FN:31,(anonymous_5)
FN:41,(anonymous_6)
FN:47,(anonymous_7)
FN:53,(anonymous_8)
FN:58,(anonymous_9)
FN:63,(anonymous_10)
FN:67,(anonymous_11)
FN:72,(anonymous_12)
FN:77,(anonymous_13)
FN:81,(anonymous_14)
FN:84,(anonymous_15)
FN:88,(anonymous_16)
FN:93,(anonymous_17)
FN:96,(anonymous_18)
FN:102,(anonymous_19)
FNF:20
FNH:20
FNDA:3,(anonymous_0)
FNDA:2,(anonymous_1)
FNDA:2,(anonymous_2)
FNDA:4,(anonymous_3)
FNDA:6,(anonymous_4)
FNDA:4,(anonymous_5)
FNDA:3,(anonymous_6)
FNDA:3,(anonymous_7)
FNDA:2,(anonymous_8)
FNDA:4,(anonymous_9)
FNDA:2,(anonymous_10)
FNDA:2,(anonymous_11)
FNDA:4,(anonymous_12)
FNDA:2,(anonymous_13)
FNDA:2,(anonymous_14)
FNDA:2,(anonymous_15)
FNDA:2,(anonymous_16)
FNDA:2,(anonymous_17)
FNDA:2,(anonymous_18)
FNDA:4,(anonymous_19)
DA:6,3
DA:8,3
DA:11,2
DA:14,2
DA:22,4
DA:23,2
DA:25,2
DA:29,6
DA:32,4
DA:33,4
DA:34,3
DA:36,4
DA:37,3
DA:39,4
DA:42,3
DA:43,2
DA:45,1
DA:48,3
DA:49,2
DA:51,1
DA:54,2
DA:59,4
DA:63,2
DA:68,2
DA:73,4
DA:77,2
DA:82,2
DA:85,2
DA:89,2
DA:94,2
DA:97,2
DA:103,4
LF:32
LH:32
BRDA:22,0,0,2
BRDA:22,0,1,2
BRDA:22,1,0,4
BRDA:22,1,1,3
BRDA:33,2,0,3
BRDA:33,2,1,1
BRDA:36,3,0,3
BRDA:36,3,1,1
BRDA:42,4,0,2
BRDA:42,4,1,1
BRDA:48,5,0,2
BRDA:48,5,1,1
BRF:12
BRH:12
end_of_record
TN:
SF:src/assets/icons/searchItem.tsx
FN:6,(anonymous_0)
FNF:1
FNH:1
FNDA:47,(anonymous_0)
DA:6,2
DA:7,47
DA:9,13
DA:36,13
DA:58,13
DA:80,8
DA:100,0
DA:113,0
LF:8
LH:6
BRDA:7,0,0,13
BRDA:7,0,1,13
BRDA:7,0,2,13
BRDA:7,0,3,8
BRDA:7,0,4,0
BRDA:7,0,5,0
BRF:6
BRH:4
end_of_record
TN:
SF:src/components/DataTableDensity/index.jsx
FN:5,(anonymous_0)
FN:17,(anonymous_1)
FNF:2
FNH:1
FNDA:1,(anonymous_0)
FNDA:0,(anonymous_1)
DA:5,1
DA:6,1
DA:17,0
DA:24,1
LF:4
LH:3
BRF:0
BRH:0
end_of_record
TN:
SF:src/components/DataTablePageResults/DataTablePageResults.tsx
FN:11,(anonymous_0)
FN:18,(anonymous_1)
FN:25,(anonymous_2)
FNF:3
FNH:3
FNDA:2,(anonymous_0)
FNDA:2,(anonymous_1)
FNDA:2,(anonymous_2)
DA:11,2
DA:14,2
DA:15,2
DA:16,0
DA:18,2
DA:19,2
DA:20,2
DA:21,2
DA:22,0
DA:24,2
DA:25,2
DA:26,2
DA:36,2
DA:40,2
LF:14
LH:12
BRDA:15,0,0,0
BRDA:15,0,1,2
BRDA:19,1,0,0
BRDA:19,1,1,2
BRDA:20,2,0,0
BRDA:20,2,1,2
BRDA:21,3,0,2
BRDA:21,3,1,0
BRF:8
BRH:4
end_of_record
TN:
SF:src/components/DataTablePageResults/index.js
FNF:0
FNH:0
LF:0
LH:0
BRF:0
BRH:0
end_of_record
TN:
SF:src/components/DataTableRowChanger/index.tsx
FN:11,(anonymous_0)
FN:13,(anonymous_1)
FN:21,(anonymous_2)
FNF:3
FNH:2
FNDA:2,(anonymous_0)
FNDA:8,(anonymous_1)
FNDA:0,(anonymous_2)
DA:11,1
DA:12,2
DA:13,8
DA:14,2
DA:21,0
DA:28,1
DA:32,1
LF:7
LH:6
BRF:0
BRH:0
end_of_record
TN:
SF:src/components/DatasetAdditionalInformation/index.jsx
FN:5,buildRows
FN:7,(anonymous_1)
FN:17,(anonymous_2)
FN:24,(anonymous_3)
FNF:4
FNH:4
FNDA:8,buildRows
FNDA:120,(anonymous_1)
FNDA:8,(anonymous_2)
FNDA:38,(anonymous_3)
DA:6,8
DA:7,8
DA:8,120
DA:9,80
DA:11,40
DA:14,8
DA:17,2
DA:18,8
DA:19,8
DA:25,38
LF:10
LH:10
BRDA:8,0,0,80
BRDA:8,0,1,40
BRF:2
BRH:2
end_of_record
TN:
SF:src/components/DatasetOverviewTab/index.tsx
FN:6,(anonymous_0)
FNF:1
FNH:1
FNDA:1,(anonymous_0)
DA:6,1
DA:7,1
LF:2
LH:2
BRF:0
BRH:0
end_of_record
TN:
SF:src/components/DatasetSearchFacets/index.tsx
FN:6,(anonymous_0)
FN:8,(anonymous_1)
FN:9,(anonymous_2)
FN:12,(anonymous_3)
FN:13,(anonymous_4)
FN:27,(anonymous_5)
FN:32,(anonymous_6)
FN:37,(anonymous_7)
FNF:8
FNH:7
FNDA:8,(anonymous_0)
FNDA:12,(anonymous_1)
FNDA:0,(anonymous_2)
FNDA:1,(anonymous_3)
FNDA:8,(anonymous_4)
FNDA:12,(anonymous_5)
FNDA:2,(anonymous_6)
FNDA:1,(anonymous_7)
DA:6,2
DA:7,8
DA:8,8
DA:9,12
DA:12,8
DA:13,8
DA:15,8
DA:28,12
DA:32,2
DA:37,1
LF:10
LH:10
BRDA:7,0,0,3
BRDA:9,1,0,12
BRDA:9,1,1,0
BRDA:26,2,0,8
BRDA:26,2,1,0
BRDA:32,3,0,1
BRDA:32,3,1,11
BRF:7
BRH:5
end_of_record
TN:
SF:src/components/DatasetSearchListItem/index.tsx
FN:21,(anonymous_0)
FNF:1
FNH:1
FNDA:13,(anonymous_0)
DA:21,2
DA:22,13
DA:23,13
DA:25,13
DA:26,13
DA:27,13
DA:28,0
DA:29,0
DA:32,13
LF:9
LH:7
BRDA:23,0,0,9
BRDA:27,1,0,0
BRDA:27,1,1,13
BRDA:34,2,0,4
BRDA:34,2,1,9
BRDA:36,3,0,4
BRDA:36,3,1,9
BRDA:71,4,0,8
BRDA:71,4,1,5
BRDA:74,5,0,0
BRDA:74,5,1,8
BRF:11
BRH:9
end_of_record
TN:
SF:src/components/DatasetSearchListItem/truncateText.ts
FN:4,truncateText
FNF:1
FNH:1
FNDA:14,truncateText
DA:5,14
DA:6,4
DA:9,10
DA:10,10
DA:11,3
DA:14,10
DA:15,2
DA:18,10
DA:23,10
LF:9
LH:9
BRDA:4,0,0,13
BRDA:5,1,0,4
BRDA:5,1,1,10
BRDA:10,2,0,3
BRDA:10,2,1,7
BRDA:14,3,0,2
BRDA:14,3,1,8
BRF:7
BRH:7
end_of_record
TN:
SF:src/components/DatasetTableTab/index.tsx
FN:11,prepareColumns
FN:12,(anonymous_1)
FN:19,(anonymous_2)
FN:71,(anonymous_3)
FN:76,(anonymous_4)
FN:82,(anonymous_5)
FN:87,(anonymous_6)
FNF:7
FNH:3
FNDA:0,prepareColumns
FNDA:0,(anonymous_1)
FNDA:1,(anonymous_2)
FNDA:0,(anonymous_3)
FNDA:5,(anonymous_4)
FNDA:4,(anonymous_5)
FNDA:0,(anonymous_6)
DA:12,0
DA:19,1
DA:22,1
DA:23,1
DA:24,1
DA:26,1
DA:32,1
DA:36,1
DA:37,1
DA:38,1
DA:40,1
DA:45,1
DA:51,1
DA:72,0
DA:73,0
DA:74,0
DA:77,5
DA:82,4
DA:88,0
DA:89,0
DA:90,0
DA:98,0
LF:22
LH:14
BRDA:14,0,0,0
BRDA:14,0,1,0
BRDA:14,1,0,0
BRDA:14,1,1,0
BRDA:19,2,0,1
BRDA:19,3,0,1
BRDA:32,4,0,1
BRDA:32,4,1,0
BRDA:38,5,0,1
BRDA:38,5,1,0
BRDA:45,6,0,1
BRDA:45,6,1,0
BRDA:46,7,0,1
BRDA:46,7,1,1
BRDA:46,7,2,1
BRDA:46,7,3,1
BRDA:66,8,0,1
BRDA:66,8,1,1
BRDA:69,9,0,1
BRDA:69,9,1,0
BRF:20
BRH:12
end_of_record
TN:
SF:src/components/Datatable/Datatable.jsx
FN:14,(anonymous_0)
FN:26,(anonymous_1)
FN:42,(anonymous_2)
FN:68,(anonymous_3)
FN:98,(anonymous_4)
FN:102,(anonymous_5)
FNF:6
FNH:6
FNDA:1,(anonymous_0)
FNDA:22,(anonymous_1)
FNDA:22,(anonymous_2)
FNDA:1,(anonymous_3)
FNDA:25,(anonymous_4)
FNDA:550,(anonymous_5)
DA:14,1
DA:23,1
DA:24,1
DA:25,1
DA:26,1
DA:27,22
DA:28,0
DA:35,22
DA:42,1
DA:43,22
DA:44,0
DA:46,22
DA:47,0
DA:49,22
DA:51,1
DA:52,1
DA:68,1
DA:69,1
DA:70,1
DA:73,1
DA:99,25
DA:100,25
DA:103,550
DA:104,550
LF:24
LH:21
BRDA:21,0,0,0
BRDA:27,1,0,0
BRDA:27,1,1,22
BRDA:43,2,0,0
BRDA:43,2,1,22
BRDA:46,3,0,0
BRDA:46,3,1,22
BRDA:69,4,0,1
BRDA:69,4,1,0
BRDA:79,5,0,1
BRDA:79,5,1,0
BRDA:84,6,0,1
BRDA:84,6,1,0
BRDA:88,7,0,0
BRDA:88,7,1,1
BRDA:101,8,0,12
BRDA:101,8,1,13
BRF:17
BRH:9
end_of_record
TN:
SF:src/components/Datatable/FixedSizeTHead.jsx
FN:13,(anonymous_0)
FN:16,(anonymous_1)
FN:18,(anonymous_2)
FNF:3
FNH:0
FNDA:0,(anonymous_0)
FNDA:0,(anonymous_1)
FNDA:0,(anonymous_2)
DA:13,1
DA:14,0
DA:17,0
DA:19,0
LF:4
LH:1
BRDA:33,0,0,0
BRDA:33,0,1,0
BRDA:42,1,0,0
BRDA:42,1,1,0
BRF:4
BRH:0
end_of_record
TN:
SF:src/components/Datatable/HeaderResizeElement.tsx
FN:4,(anonymous_0)
FN:48,(anonymous_1)
FN:92,(anonymous_2)
FNF:3
FNH:1
FNDA:22,(anonymous_0)
FNDA:0,(anonymous_1)
FNDA:0,(anonymous_2)
DA:4,1
DA:6,22
DA:7,22
DA:49,0
DA:50,0
DA:53,0
DA:54,0
DA:55,0
DA:57,0
DA:58,0
DA:61,0
DA:62,0
DA:64,0
DA:67,0
DA:68,0
DA:69,0
DA:71,0
DA:73,0
DA:74,0
DA:75,0
DA:76,0
DA:77,0
DA:78,0
DA:80,0
DA:82,0
DA:83,0
DA:84,0
DA:85,0
DA:86,0
DA:87,0
DA:89,0
DA:93,0
LF:32
LH:3
BRDA:20,0,0,0
BRDA:20,0,1,22
BRDA:27,1,0,22
BRDA:27,1,1,22
BRDA:31,2,0,22
BRDA:31,2,1,0
BRDA:44,3,0,0
BRDA:44,3,1,22
BRDA:44,4,0,22
BRDA:44,4,1,22
BRDA:50,5,0,0
BRDA:50,5,1,0
BRDA:50,5,2,0
BRDA:50,5,3,0
BRDA:50,5,4,0
BRDA:55,6,0,0
BRDA:55,6,1,0
BRDA:67,7,0,0
BRDA:67,7,1,0
BRDA:75,8,0,0
BRDA:75,8,1,0
BRDA:84,9,0,0
BRDA:84,9,1,0
BRF:23
BRH:7
end_of_record
TN:
SF:src/components/Datatable/TruncatedResizeableTHead.jsx
FN:4,(anonymous_0)
FN:7,(anonymous_1)
FN:9,(anonymous_2)
FNF:3
FNH:3
FNDA:1,(anonymous_0)
FNDA:1,(anonymous_1)
FNDA:22,(anonymous_2)
DA:4,1
DA:5,1
DA:8,1
DA:9,22
LF:4
LH:4
BRDA:4,0,0,0
BRF:1
BRH:0
end_of_record
TN:
SF:src/components/DatatableHeader/index.tsx
FN:6,(anonymous_0)
FN:25,(anonymous_1)
FNF:2
FNH:1
FNDA:2,(anonymous_0)
FNDA:0,(anonymous_1)
DA:6,2
DA:7,2
DA:8,2
DA:10,2
DA:26,0
LF:5
LH:4
BRDA:8,0,0,2
BRDA:8,0,1,0
BRDA:14,1,0,2
BRDA:14,1,1,2
BRDA:49,2,0,2
BRDA:49,2,1,0
BRF:6
BRH:4
end_of_record
TN:
SF:src/components/LargeFileDialog/index.tsx
FN:9,(anonymous_0)
FN:14,(anonymous_1)
FN:19,(anonymous_2)
FN:27,(anonymous_3)
FNF:4
FNH:3
FNDA:4,(anonymous_0)
FNDA:1,(anonymous_1)
FNDA:1,(anonymous_2)
FNDA:0,(anonymous_3)
DA:9,3
DA:10,4
DA:11,4
DA:12,4
DA:14,1
DA:19,1
DA:27,0
LF:7
LH:6
BRDA:17,0,0,4
BRDA:17,0,1,1
BRF:2
BRH:2
end_of_record
TN:
SF:src/components/LargeFileInfo/index.tsx
FN:7,(anonymous_0)
FNF:1
FNH:0
FNDA:0,(anonymous_0)
DA:7,1
DA:8,0
LF:2
LH:1
BRF:0
BRH:0
end_of_record
TN:
SF:src/components/MobileHeader/MobileHeader.jsx
FN:12,(anonymous_0)
FN:29,(anonymous_1)
FN:31,(anonymous_2)
FN:47,handleFocusIn
FN:57,handleClick
FN:66,handleMenuClose
FN:76,(anonymous_6)
FN:78,(anonymous_7)
FN:87,(anonymous_8)
FN:92,(anonymous_9)
FN:104,(anonymous_10)
FN:144,(anonymous_11)
FN:159,(anonymous_12)
FN:178,(anonymous_13)
FN:188,(anonymous_14)
FNF:15
FNH:9
FNDA:3,(anonymous_0)
FNDA:2,(anonymous_1)
FNDA:2,(anonymous_2)
FNDA:2,handleFocusIn
FNDA:0,handleClick
FNDA:0,handleMenuClose
FNDA:2,(anonymous_6)
FNDA:2,(anonymous_7)
FNDA:2,(anonymous_8)
FNDA:8,(anonymous_9)
FNDA:0,(anonymous_10)
FNDA:1,(anonymous_11)
FNDA:0,(anonymous_12)
FNDA:0,(anonymous_13)
FNDA:0,(anonymous_14)
DA:11,1
DA:12,1
DA:23,3
DA:25,3
DA:26,3
DA:27,3
DA:28,3
DA:29,3
DA:31,2
DA:32,2
DA:33,2
DA:34,2
DA:36,2
DA:37,2
DA:38,0
DA:39,0
DA:40,2
DA:41,0
DA:42,0
DA:48,2
DA:49,1
DA:50,1
DA:52,1
DA:53,1
DA:54,1
DA:59,0
DA:62,0
DA:68,0
DA:69,0
DA:73,2
DA:74,2
DA:75,2
DA:76,2
DA:78,2
DA:79,2
DA:80,2
DA:81,2
DA:82,1
DA:87,3
DA:88,2
DA:92,2
DA:93,8
DA:96,2
DA:104,3
DA:105,0
DA:106,0
DA:109,3
DA:144,1
DA:160,0
DA:178,0
DA:189,0
DA:224,1
LF:52
LH:39
BRDA:17,0,0,3
BRDA:36,1,0,2
BRDA:36,1,1,0
BRDA:37,2,0,0
BRDA:37,2,1,2
BRDA:37,3,0,2
BRDA:37,3,1,0
BRDA:40,4,0,0
BRDA:40,4,1,2
BRDA:40,5,0,2
BRDA:40,5,1,2
BRDA:48,6,0,1
BRDA:48,6,1,1
BRDA:50,7,0,0
BRDA:50,7,1,1
BRDA:53,8,0,0
BRDA:53,8,1,1
BRDA:59,9,0,0
BRDA:59,9,1,0
BRDA:68,10,0,0
BRDA:68,10,1,0
BRDA:68,11,0,0
BRDA:68,11,1,0
BRDA:81,12,0,1
BRDA:81,12,1,1
BRDA:93,13,0,8
BRDA:93,13,1,8
BRDA:105,14,0,0
BRDA:105,14,1,0
BRDA:111,15,0,2
BRDA:111,15,1,1
BRDA:114,16,0,3
BRDA:114,16,1,3
BRDA:117,17,0,0
BRDA:117,17,1,3
BRDA:122,18,0,2
BRDA:122,18,1,1
BRDA:126,19,0,3
BRDA:126,19,1,0
BRDA:146,20,0,0
BRDA:146,20,1,3
BRDA:153,21,0,3
BRDA:153,21,1,3
BRDA:155,22,0,0
BRDA:155,22,1,3
BRDA:182,23,0,3
BRDA:182,23,1,0
BRDA:182,23,2,0
BRDA:184,24,0,0
BRDA:184,24,1,0
BRDA:207,25,0,3
BRDA:207,25,1,0
BRF:52
BRH:29
end_of_record
TN:
SF:src/components/MobileHeader/index.jsx
FNF:0
FNH:0
LF:0
LH:0
BRF:0
BRH:0
end_of_record
TN:
SF:src/components/NavBar/Navbar.tsx
FN:6,(anonymous_0)
FN:13,(anonymous_1)
FNF:2
FNH:2
FNDA:2,(anonymous_0)
FNDA:6,(anonymous_1)
DA:6,1
DA:7,2
DA:14,6
DA:15,0
DA:19,6
DA:31,1
LF:6
LH:5
BRDA:14,0,0,0
BRDA:14,0,1,6
BRF:2
BRH:1
end_of_record
TN:
SF:src/components/NavLink/index.tsx
FN:16,(anonymous_0)
FN:21,(anonymous_1)
FNF:2
FNH:2
FNDA:8,(anonymous_0)
FNDA:8,(anonymous_1)
DA:16,2
DA:17,8
DA:19,8
DA:21,8
DA:31,2
DA:36,2
LF:6
LH:6
BRDA:17,0,0,6
BRDA:17,0,1,2
BRDA:21,1,0,0
BRDA:21,1,1,8
BRDA:23,2,0,6
BRDA:23,2,1,2
BRF:6
BRH:5
end_of_record
TN:
SF:src/components/PageHeader/index.tsx
FN:6,(anonymous_0)
FNF:1
FNH:1
FNDA:6,(anonymous_0)
DA:6,1
DA:7,6
DA:8,6
LF:3
LH:3
BRF:0
BRH:0
end_of_record
TN:
SF:src/components/QueryBuilder/index.tsx
FN:21,updateQueryForDatastore
FN:43,(anonymous_1)
FN:48,(anonymous_2)
FN:60,(anonymous_3)
FN:62,(anonymous_4)
FN:80,(anonymous_5)
FN:88,(anonymous_6)
FN:95,(anonymous_7)
FN:102,(anonymous_8)
FN:105,(anonymous_9)
FN:111,(anonymous_10)
FN:116,(anonymous_11)
FN:128,(anonymous_12)
FN:135,(anonymous_13)
FN:136,(anonymous_14)
FN:156,(anonymous_15)
FN:158,(anonymous_16)
FN:176,(anonymous_17)
FN:195,(anonymous_18)
FNF:19
FNH:14
FNDA:1,updateQueryForDatastore
FNDA:0,(anonymous_1)
FNDA:9,(anonymous_2)
FNDA:4,(anonymous_3)
FNDA:0,(anonymous_4)
FNDA:3,(anonymous_5)
FNDA:5,(anonymous_6)
FNDA:198,(anonymous_7)
FNDA:1,(anonymous_8)
FNDA:1,(anonymous_9)
FNDA:1,(anonymous_10)
FNDA:1,(anonymous_11)
FNDA:0,(anonymous_12)
FNDA:1,(anonymous_13)
FNDA:2,(anonymous_14)
FNDA:0,(anonymous_15)
FNDA:7,(anonymous_16)
FNDA:1,(anonymous_17)
FNDA:0,(anonymous_18)
DA:22,1
DA:23,1
DA:24,1
DA:25,1
DA:26,0
DA:28,1
DA:30,1
DA:31,0
DA:32,0
DA:34,0
DA:35,0
DA:37,1
DA:38,0
DA:39,0
DA:42,1
DA:43,0
DA:45,1
DA:48,2
DA:49,9
DA:50,9
DA:51,9
DA:53,9
DA:54,9
DA:55,9
DA:56,9
DA:58,9
DA:60,9
DA:61,4
DA:62,0
DA:66,0
DA:68,4
DA:80,9
DA:81,3
DA:82,0
DA:84,3
DA:86,3
DA:88,9
DA:89,5
DA:90,1
DA:91,1
DA:95,9
DA:96,198
DA:97,198
DA:99,0
DA:102,9
DA:103,1
DA:104,1
DA:106,1
DA:107,1
DA:109,0
DA:112,1
DA:113,1
DA:115,1
DA:116,1
DA:117,1
DA:118,1
DA:119,1
DA:120,1
DA:124,1
DA:128,9
DA:129,0
DA:130,0
DA:131,0
DA:132,0
DA:135,9
DA:136,2
DA:137,1
DA:138,1
DA:139,1
DA:140,1
DA:143,9
DA:156,0
DA:159,7
DA:176,1
DA:196,0
DA:197,0
DA:198,0
DA:212,2
LF:78
LH:57
BRDA:24,0,0,1
BRDA:24,0,1,0
BRDA:24,1,0,1
BRDA:24,1,1,0
BRDA:25,2,0,0
BRDA:25,2,1,1
BRDA:30,3,0,0
BRDA:30,3,1,1
BRDA:31,4,0,0
BRDA:31,4,1,0
BRDA:37,5,0,0
BRDA:37,5,1,1
BRDA:38,6,0,0
BRDA:38,6,1,0
BRDA:42,7,0,0
BRDA:42,7,1,1
BRDA:61,8,0,0
BRDA:61,8,1,4
BRDA:81,9,0,0
BRDA:81,9,1,3
BRDA:89,10,0,1
BRDA:89,10,1,4
BRDA:96,11,0,198
BRDA:96,11,1,0
BRDA:106,12,0,1
BRDA:106,12,1,0
BRDA:118,13,0,1
BRDA:118,13,1,0
BRDA:194,14,0,0
BRDA:194,14,1,9
BRDA:201,15,0,0
BRDA:201,15,1,9
BRF:32
BRH:15
end_of_record
TN:
SF:src/components/QueryRow/index.tsx
FN:8,getStartDate
FN:18,(anonymous_1)
FN:23,(anonymous_2)
FN:38,(anonymous_3)
FN:48,(anonymous_4)
FN:67,(anonymous_5)
FN:75,(anonymous_6)
FN:91,(anonymous_7)
FN:108,(anonymous_8)
FN:117,(anonymous_9)
FNF:10
FNH:6
FNDA:7,getStartDate
FNDA:7,(anonymous_1)
FNDA:5,(anonymous_2)
FNDA:4,(anonymous_3)
FNDA:4,(anonymous_4)
FNDA:0,(anonymous_5)
FNDA:0,(anonymous_6)
FNDA:0,(anonymous_7)
FNDA:0,(anonymous_8)
FNDA:1,(anonymous_9)
DA:9,7
DA:10,0
DA:11,0
DA:12,0
DA:15,7
DA:18,2
DA:19,7
DA:20,7
DA:21,7
DA:22,7
DA:23,7
DA:24,5
DA:25,0
DA:26,0
DA:28,0
DA:30,0
DA:31,0
DA:32,0
DA:38,7
DA:39,4
DA:40,0
DA:41,0
DA:43,0
DA:48,7
DA:49,4
DA:50,0
DA:51,0
DA:53,0
DA:58,7
DA:67,0
DA:75,0
DA:92,0
DA:93,0
DA:108,0
DA:117,1
LF:35
LH:15
BRDA:9,0,0,0
BRDA:9,0,1,7
BRDA:11,1,0,0
BRDA:11,1,1,0
BRDA:11,2,0,0
BRDA:11,2,1,0
BRDA:24,3,0,0
BRDA:24,3,1,5
BRDA:25,4,0,0
BRDA:25,4,1,0
BRDA:30,5,0,0
BRDA:30,5,1,0
BRDA:31,6,0,0
BRDA:31,6,1,0
BRDA:39,7,0,0
BRDA:39,7,1,4
BRDA:40,8,0,0
BRDA:40,8,1,0
BRDA:49,9,0,0
BRDA:49,9,1,4
BRDA:50,10,0,0
BRDA:50,10,1,0
BRDA:79,11,0,0
BRDA:79,11,1,7
BRF:24
BRH:5
end_of_record
TN:
SF:src/components/Resource/index.tsx
FN:15,(anonymous_0)
FN:23,(anonymous_1)
FNF:2
FNH:2
FNDA:3,(anonymous_0)
FNDA:3,(anonymous_1)
DA:15,2
DA:16,3
DA:17,3
DA:24,3
DA:25,3
LF:5
LH:5
BRDA:20,0,0,3
BRDA:20,0,1,0
BRDA:26,1,0,3
BRDA:26,1,1,0
BRDA:28,2,0,0
BRDA:28,2,1,3
BRDA:29,3,0,1
BRDA:29,3,1,2
BRDA:35,4,0,0
BRDA:35,4,1,3
BRDA:36,5,0,0
BRDA:36,5,1,3
BRDA:45,6,0,3
BRDA:45,6,1,1
BRDA:50,7,0,3
BRDA:50,7,1,3
BRF:16
BRH:11
end_of_record
TN:
SF:src/components/ResourceInformation/index.tsx
FN:4,(anonymous_0)
FNF:1
FNH:1
FNDA:3,(anonymous_0)
DA:4,2
DA:5,3
DA:6,3
LF:3
LH:3
BRDA:12,0,0,3
BRDA:12,0,1,0
BRF:2
BRH:1
end_of_record
TN:
SF:src/components/SearchButton/index.tsx
FN:10,(anonymous_0)
FNF:1
FNH:1
FNDA:6,(anonymous_0)
DA:10,1
DA:11,6
DA:12,6
DA:13,6
LF:4
LH:4
BRDA:13,0,0,0
BRDA:13,0,1,6
BRDA:13,1,0,6
BRDA:13,1,1,0
BRDA:26,2,0,0
BRDA:26,2,1,6
BRF:6
BRH:3
end_of_record
TN:
SF:src/components/SearchModal/index.jsx
FN:6,(anonymous_0)
FN:20,searchForDataset
FN:39,(anonymous_2)
FN:46,(anonymous_3)
FN:51,(anonymous_4)
FN:62,(anonymous_5)
FNF:6
FNH:1
FNDA:3,(anonymous_0)
FNDA:0,searchForDataset
FNDA:0,(anonymous_2)
FNDA:0,(anonymous_3)
FNDA:0,(anonymous_4)
FNDA:0,(anonymous_5)
DA:6,1
DA:15,3
DA:16,3
DA:17,3
DA:18,3
DA:21,0
DA:22,0
DA:23,0
DA:24,0
DA:26,0
DA:27,0
DA:32,3
DA:39,0
DA:46,0
DA:52,0
DA:62,0
DA:78,1
LF:17
LH:7
BRDA:22,0,0,0
BRDA:22,0,1,0
BRDA:23,1,0,0
BRDA:23,1,1,0
BRDA:41,2,0,0
BRDA:41,2,1,3
BRDA:43,3,0,3
BRDA:43,3,1,0
BRF:8
BRH:2
end_of_record
TN:
SF:src/components/SubMenu/index.jsx
FN:5,(anonymous_0)
FN:9,(anonymous_1)
FN:10,handleClickOutside
FN:15,handleFocusOut
FN:22,(anonymous_4)
FN:39,(anonymous_5)
FN:47,(anonymous_6)
FNF:7
FNH:0
FNDA:0,(anonymous_0)
FNDA:0,(anonymous_1)
FNDA:0,handleClickOutside
FNDA:0,handleFocusOut
FNDA:0,(anonymous_4)
FNDA:0,(anonymous_5)
FNDA:0,(anonymous_6)
DA:5,1
DA:6,0
DA:7,0
DA:8,0
DA:9,0
DA:11,0
DA:12,0
DA:16,0
DA:17,0
DA:20,0
DA:21,0
DA:22,0
DA:23,0
DA:24,0
DA:25,0
DA:30,0
DA:40,0
DA:41,0
DA:48,0
LF:19
LH:1
BRDA:7,0,0,0
BRDA:7,0,1,0
BRDA:11,1,0,0
BRDA:11,1,1,0
BRDA:11,2,0,0
BRDA:11,2,1,0
BRDA:16,3,0,0
BRDA:16,3,1,0
BRDA:16,4,0,0
BRDA:16,4,1,0
BRDA:24,5,0,0
BRDA:24,5,1,0
BRDA:31,6,0,0
BRDA:31,6,1,0
BRF:14
BRH:0
end_of_record
TN:
SF:src/components/TransformedDate/index.jsx
FN:3,(anonymous_0)
FNF:1
FNH:1
FNDA:17,(anonymous_0)
DA:3,5
DA:4,17
DA:5,17
DA:6,17
DA:7,17
DA:9,17
DA:12,5
LF:7
LH:7
BRDA:6,0,0,17
BRDA:6,0,1,0
BRF:2
BRH:1
end_of_record
TN:
SF:src/services/useDatastore/transformSorts.js
FN:1,transformTableSortToQuerySort
FN:3,(anonymous_1)
FNF:2
FNH:1
FNDA:1,transformTableSortToQuerySort
FNDA:0,(anonymous_1)
DA:2,1
DA:3,1
DA:4,0
DA:6,1
LF:4
LH:3
BRDA:4,0,0,0
BRDA:4,0,1,0
BRF:2
BRH:0
end_of_record
TN:
SF:src/services/useSearchAPI/helpers.ts
FN:5,separateFacets
FN:8,(anonymous_1)
FN:17,(anonymous_2)
FN:27,transformUrlParamsToSearchObject
FN:43,fetchDatasets
FNF:5
FNH:3
FNDA:6,separateFacets
FNDA:6,(anonymous_1)
FNDA:0,(anonymous_2)
FNDA:8,transformUrlParamsToSearchObject
FNDA:0,fetchDatasets
DA:6,6
DA:7,6
DA:8,6
DA:9,6
DA:10,0
DA:12,6
DA:16,6
DA:17,0
DA:18,0
DA:19,0
DA:23,6
DA:28,8
DA:29,8
DA:30,8
DA:31,8
DA:44,0
DA:46,0
DA:55,0
LF:18
LH:11
BRDA:7,0,0,6
BRDA:7,0,1,0
BRDA:9,1,0,0
BRDA:9,1,1,6
BRDA:16,2,0,0
BRDA:16,2,1,6
BRDA:18,3,0,0
BRDA:18,3,1,0
BRDA:18,4,0,0
BRDA:18,4,1,0
BRDA:33,5,0,8
BRDA:33,5,1,0
BRDA:34,6,0,8
BRDA:34,6,1,0
BRDA:37,7,0,0
BRDA:37,7,1,8
BRDA:38,8,0,0
BRDA:38,8,1,8
BRDA:47,9,0,0
BRDA:47,9,1,0
BRDA:49,10,0,0
BRDA:49,10,1,0
BRDA:50,11,0,0
BRDA:50,11,1,0
BRDA:51,12,0,0
BRDA:51,12,1,0
BRDA:52,13,0,0
BRDA:52,13,1,0
BRF:28
BRH:7
end_of_record
TN:
SF:src/templates/DatasetSearch/DatasetSearch.tsx
FN:19,(anonymous_0)
FN:68,(anonymous_1)
FN:80,(anonymous_2)
FN:102,updateSelectedFacets
FN:105,(anonymous_4)
FN:113,(anonymous_5)
FN:125,(anonymous_6)
FN:141,(anonymous_7)
FN:145,(anonymous_8)
FN:152,resetFilters
FN:159,buildSearchParams
FN:174,(anonymous_11)
FN:192,(anonymous_12)
FN:223,(anonymous_13)
FN:238,(anonymous_14)
FN:248,(anonymous_15)
FN:297,(anonymous_16)
FN:304,(anonymous_17)
FN:306,(anonymous_18)
FN:307,getDownloadUrl
FN:313,(anonymous_20)
FN:339,(anonymous_21)
FN:344,(anonymous_22)
FNF:23
FNH:11
FNDA:8,(anonymous_0)
FNDA:3,(anonymous_1)
FNDA:0,(anonymous_2)
FNDA:0,updateSelectedFacets
FNDA:0,(anonymous_4)
FNDA:0,(anonymous_5)
FNDA:3,(anonymous_6)
FNDA:3,(anonymous_7)
FNDA:3,(anonymous_8)
FNDA:0,resetFilters
FNDA:15,buildSearchParams
FNDA:30,(anonymous_11)
FNDA:3,(anonymous_12)
FNDA:0,(anonymous_13)
FNDA:0,(anonymous_14)
FNDA:0,(anonymous_15)
FNDA:0,(anonymous_16)
FNDA:6,(anonymous_17)
FNDA:6,(anonymous_18)
FNDA:0,getDownloadUrl
FNDA:0,(anonymous_20)
FNDA:0,(anonymous_21)
FNDA:12,(anonymous_22)
DA:19,1
DA:35,8
DA:37,8
DA:44,8
DA:45,8
DA:46,8
DA:47,8
DA:48,8
DA:50,8
DA:51,8
DA:53,8
DA:54,8
DA:55,8
DA:56,8
DA:57,8
DA:58,8
DA:59,8
DA:60,8
DA:63,8
DA:68,8
DA:69,3
DA:71,8
DA:80,8
DA:81,0
DA:82,0
DA:84,0
DA:85,0
DA:86,0
DA:88,0
DA:89,0
DA:90,0
DA:92,0
DA:93,0
DA:94,0
DA:96,0
DA:97,0
DA:98,0
DA:103,0
DA:104,0
DA:105,0
DA:106,0
DA:107,0
DA:109,0
DA:112,0
DA:113,0
DA:114,0
DA:115,0
DA:117,0
DA:120,0
DA:123,8
DA:125,8
DA:126,3
DA:127,3
DA:128,3
DA:129,3
DA:134,3
DA:135,0
DA:137,3
DA:141,8
DA:142,3
DA:145,8
DA:146,3
DA:147,3
DA:148,0
DA:153,0
DA:154,0
DA:155,0
DA:156,0
DA:160,15
DA:161,15
DA:162,0
DA:164,15
DA:165,0
DA:167,15
DA:168,0
DA:170,15
DA:171,15
DA:173,15
DA:174,15
DA:175,30
DA:178,15
DA:181,8
DA:190,8
DA:193,3
DA:197,8
DA:199,8
DA:201,8
DA:224,0
DA:225,0
DA:238,0
DA:248,0
DA:297,0
DA:305,6
DA:308,0
DA:309,0
DA:311,6
DA:312,6
DA:313,0
DA:314,0
DA:315,0
DA:318,6
DA:340,0
DA:341,0
DA:342,0
DA:345,12
DA:346,12
DA:347,12
DA:361,1
LF:108
LH:60
BRDA:25,0,0,8
BRDA:26,1,0,8
BRDA:59,2,0,0
BRDA:59,2,1,8
BRDA:61,3,0,8
BRDA:61,3,1,0
BRDA:61,4,0,0
BRDA:61,4,1,0
BRDA:64,5,0,8
BRDA:64,5,1,0
BRDA:66,6,0,0
BRDA:66,6,1,0
BRDA:69,7,0,3
BRDA:69,7,1,0
BRDA:69,8,0,3
BRDA:69,8,1,0
BRDA:69,9,0,0
BRDA:69,9,1,0
BRDA:72,10,0,8
BRDA:72,10,1,0
BRDA:82,11,0,0
BRDA:82,11,1,0
BRDA:82,11,2,0
BRDA:82,11,3,0
BRDA:104,12,0,0
BRDA:104,12,1,0
BRDA:106,13,0,0
BRDA:106,13,1,0
BRDA:112,14,0,0
BRDA:112,14,1,0
BRDA:114,15,0,0
BRDA:114,15,1,0
BRDA:126,16,0,2
BRDA:126,16,1,1
BRDA:131,17,0,3
BRDA:131,17,1,0
BRDA:132,18,0,3
BRDA:132,18,1,0
BRDA:134,19,0,0
BRDA:134,19,1,3
BRDA:134,20,0,3
BRDA:134,20,1,2
BRDA:134,20,2,0
BRDA:147,21,0,0
BRDA:147,21,1,3
BRDA:161,22,0,0
BRDA:161,22,1,15
BRDA:161,23,0,15
BRDA:161,23,1,0
BRDA:164,24,0,0
BRDA:164,24,1,15
BRDA:167,25,0,0
BRDA:167,25,1,15
BRDA:170,26,0,15
BRDA:170,26,1,0
BRDA:173,27,0,15
BRDA:173,27,1,0
BRDA:182,28,0,0
BRDA:182,28,1,8
BRDA:184,29,0,8
BRDA:184,29,1,0
BRDA:185,30,0,8
BRDA:185,30,1,0
BRDA:186,31,0,0
BRDA:186,31,1,8
BRDA:187,32,0,0
BRDA:187,32,1,8
BRDA:197,33,0,2
BRDA:197,33,1,6
BRDA:197,34,0,8
BRDA:197,34,1,6
BRDA:197,34,2,6
BRDA:199,35,0,6
BRDA:199,35,1,2
BRDA:199,36,0,8
BRDA:199,36,1,6
BRDA:199,37,0,6
BRDA:199,37,1,0
BRDA:207,38,0,0
BRDA:207,38,1,8
BRDA:208,39,0,8
BRDA:208,39,1,0
BRDA:233,40,0,0
BRDA:233,40,1,8
BRDA:252,41,0,8
BRDA:252,41,1,6
BRDA:260,42,0,8
BRDA:260,42,1,0
BRDA:270,43,0,2
BRDA:270,43,1,6
BRDA:279,44,0,6
BRDA:279,44,1,6
BRDA:281,45,0,6
BRDA:281,45,1,6
BRDA:281,45,2,6
BRDA:284,46,0,6
BRDA:284,46,1,0
BRDA:289,47,0,6
BRDA:289,47,1,6
BRDA:303,48,0,6
BRDA:303,48,1,0
BRDA:304,49,0,6
BRDA:304,49,1,0
BRDA:304,50,0,6
BRDA:304,50,1,6
BRDA:308,51,0,0
BRDA:308,51,1,0
BRDA:309,52,0,0
BRDA:309,52,1,0
BRDA:312,53,0,0
BRDA:312,53,1,6
BRDA:312,54,0,6
BRDA:312,54,1,0
BRDA:314,55,0,0
BRDA:314,55,1,0
BRDA:326,56,0,0
BRDA:326,56,1,6
BRDA:335,57,0,6
BRDA:335,57,1,6
BRDA:335,57,2,6
BRDA:335,57,3,6
BRDA:335,57,4,6
BRDA:346,58,0,0
BRDA:346,58,1,12
BRF:124
BRH:66
end_of_record
TN:
SF:src/templates/DatasetSearch/index.jsx
FNF:0
FNH:0
LF:0
LH:0
BRF:0
BRH:0
end_of_record
TN:
SF:src/templates/FilteredResource/FilteredResourceDescription.jsx
FN:4,(anonymous_0)
FNF:1
FNH:1
FNDA:3,(anonymous_0)
DA:4,1
DA:5,3
DA:6,1
DA:8,2
DA:9,2
DA:10,1
DA:11,1
DA:12,1
DA:15,2
LF:9
LH:9
BRDA:5,0,0,1
BRDA:5,0,1,2
BRDA:5,1,0,3
BRDA:5,1,1,1
BRDA:9,2,0,1
BRDA:9,2,1,1
BRDA:9,3,0,2
BRDA:9,3,1,2
BRDA:11,4,0,1
BRDA:11,4,1,0
BRF:10
BRH:9
end_of_record
TN:
SF:src/templates/FilteredResource/QueryTitle.jsx
FN:5,(anonymous_0)
FN:12,formatValue
FN:15,(anonymous_2)
FN:29,(anonymous_3)
FN:32,(anonymous_4)
FN:43,(anonymous_5)
FNF:6
FNH:4
FNDA:9,(anonymous_0)
FNDA:1,formatValue
FNDA:0,(anonymous_2)
FNDA:1,(anonymous_3)
FNDA:1,(anonymous_4)
FNDA:0,(anonymous_5)
DA:5,2
DA:6,9
DA:7,9
DA:8,9
DA:9,8
DA:13,1
DA:14,0
DA:15,0
DA:16,0
DA:17,0
DA:19,0
DA:21,1
DA:25,1
DA:30,1
DA:31,1
DA:32,1
DA:33,1
DA:34,1
DA:35,1
DA:43,0
LF:20
LH:14
BRDA:8,0,0,8
BRDA:8,0,1,1
BRDA:8,1,0,9
BRDA:8,1,1,9
BRDA:13,2,0,0
BRDA:13,2,1,1
BRDA:13,3,0,1
BRDA:13,3,1,0
BRDA:16,4,0,0
BRDA:16,4,1,0
BRDA:16,5,0,0
BRDA:16,5,1,0
BRDA:31,6,0,1
BRDA:31,6,1,0
BRDA:31,7,0,1
BRDA:31,7,1,1
BRF:16
BRH:9
end_of_record
TN:
SF:src/templates/FilteredResource/functions.js
FN:7,buildCustomColHeaders
FN:8,(anonymous_1)
FN:9,(anonymous_2)
FN:11,(anonymous_3)
FN:32,convertUTCToLocalDate
FN:41,cleanText
FN:62,buildOperatorOptions
FNF:7
FNH:4
FNDA:1,buildCustomColHeaders
FNDA:22,(anonymous_1)
FNDA:0,(anonymous_2)
FNDA:0,(anonymous_3)
FNDA:0,convertUTCToLocalDate
FNDA:8,cleanText
FNDA:11,buildOperatorOptions
DA:8,1
DA:9,22
DA:10,22
DA:11,0
DA:13,22
DA:15,22
DA:16,0
DA:18,0
DA:19,0
DA:21,22
DA:23,22
DA:24,22
DA:25,0
DA:28,22
DA:33,0
DA:34,0
DA:36,0
DA:37,0
DA:38,0
DA:42,8
DA:43,8
DA:44,0
DA:47,8
DA:50,2
DA:63,11
DA:66,11
DA:74,0
DA:82,0
LF:28
LH:15
BRDA:15,0,0,0
BRDA:15,0,1,22
BRDA:17,1,0,0
BRDA:17,1,1,0
BRDA:17,2,0,0
BRDA:17,2,1,0
BRDA:22,3,0,22
BRDA:22,3,1,0
BRDA:22,4,0,22
BRDA:22,4,1,22
BRDA:24,5,0,0
BRDA:24,5,1,22
BRDA:33,6,0,0
BRDA:33,6,1,0
BRDA:43,7,0,0
BRDA:43,7,1,8
BRDA:63,8,0,11
BRDA:63,8,1,11
BRDA:63,8,2,0
BRDA:63,8,3,0
BRF:20
BRH:8
end_of_record
TN:
SF:src/templates/SpecsAndLimits/DocumentationTable.jsx
FN:4,(anonymous_0)
FN:23,(anonymous_1)
FNF:2
FNH:2
FNDA:3,(anonymous_0)
FNDA:11,(anonymous_1)
DA:4,1
DA:5,3
DA:6,3
DA:24,11
LF:4
LH:4
BRF:0
BRH:0
end_of_record
TN:
SF:src/templates/SpecsAndLimits/documentationData.js
FNF:0
FNH:0
DA:1,1
LF:1
LH:1
BRF:0
BRH:0
end_of_record
TN:
SF:src/templates/SpecsAndLimits/index.tsx
FN:19,(anonymous_0)
FNF:1
FNH:1
FNDA:3,(anonymous_0)
DA:19,1
DA:20,3
DA:23,3
DA:30,3
DA:57,1
LF:5
LH:5
BRDA:35,0,0,1
BRDA:35,0,1,2
BRF:2
BRH:2
end_of_record
TN:
SF:src/utilities/format.ts
FN:3,getFormatType
FNF:1
FNH:1
FNDA:3,getFormatType
DA:4,3
DA:5,3
DA:6,3
DA:8,0
DA:9,0
DA:10,0
DA:11,0
DA:14,0
DA:15,0
DA:16,0
DA:17,0
DA:18,0
DA:23,0
LF:13
LH:3
BRDA:4,0,0,3
BRDA:4,0,1,0
BRDA:4,1,0,3
BRDA:4,1,1,3
BRDA:5,2,0,3
BRDA:5,2,1,0
BRDA:8,3,0,0
BRDA:8,3,1,0
BRDA:10,4,0,0
BRDA:10,4,1,0
BRDA:10,5,0,0
BRDA:10,5,1,0
BRDA:14,6,0,0
BRDA:14,6,1,0
BRDA:14,7,0,0
BRDA:14,7,1,0
BRDA:15,8,0,0
BRDA:15,8,1,0
BRDA:17,9,0,0
BRDA:17,9,1,0
BRDA:17,10,0,0
BRDA:17,10,1,0
BRF:22
BRH:4
end_of_record
TN:
SF:src/utilities/QueryProvider/QueryProvider.jsx
FN:6,(anonymous_0)
FN:6,(anonymous_1)
FNF:2
FNH:2
FNDA:1,(anonymous_0)
FNDA:3,(anonymous_1)
DA:4,1
DA:6,1
DA:7,3
LF:3
LH:3
BRF:0
BRH:0
end_of_record
